<?xml version="1.0" encoding="UTF-8"?>
<robot generator="Robot 6.1.1 (Python 3.10.12 on linux)" generated="20231031 20:22:50.935" rpa="true" schemaversion="4">
<suite id="s1" name="Consumer" source="/home/andre/inhuman-insurance-inc-ais-robot/consumer.robot">
<test id="s1-t1" name="Consume traffic data work items" line="10">
<kw name="For Each Input Work Item" library="RPA.Robocorp.WorkItems">
<arg>Process traffic data</arg>
<doc>Run a keyword or function for each work item in the input queue.</doc>
<kw name="Process traffic data">
<kw name="Get Work Item Payload" library="RPA.Robocorp.WorkItems">
<var>${payload}</var>
<doc>Get the full JSON payload for a work item.</doc>
<msg timestamp="20231031 20:22:51.762" level="INFO">${payload} = {'traffic_data': {'country': 'VCT', 'year': 2011, 'rate': 3.69293}}</msg>
<status status="PASS" starttime="20231031 20:22:51.762" endtime="20231031 20:22:51.763"/>
</kw>
<kw name="Set Variable" library="BuiltIn">
<var>${traffic_data}</var>
<arg>${payload}[${WORK_ITEM_NAME}]</arg>
<doc>Returns the given values which can then be assigned to a variables.</doc>
<msg timestamp="20231031 20:22:51.765" level="INFO">${traffic_data} = {'country': 'VCT', 'year': 2011, 'rate': 3.69293}</msg>
<status status="PASS" starttime="20231031 20:22:51.764" endtime="20231031 20:22:51.765"/>
</kw>
<kw name="Validate traffic data">
<var>${valid}</var>
<arg>${traffic_data}</arg>
<kw name="Get value from JSON" library="RPA.JSON">
<var>${country}</var>
<arg>${traffic_data}</arg>
<arg>$.country</arg>
<doc>Get a single value from a JSON serializable object that matches the given expression.</doc>
<msg timestamp="20231031 20:22:51.767" level="INFO">Get value from JSON with expression: '$.country'</msg>
<msg timestamp="20231031 20:22:51.790" level="INFO">${country} = VCT</msg>
<status status="PASS" starttime="20231031 20:22:51.766" endtime="20231031 20:22:51.791"/>
</kw>
<kw name="Evaluate" library="BuiltIn">
<var>${valid}</var>
<arg>len("${country}") == 3</arg>
<doc>Evaluates the given expression in Python and returns the result.</doc>
<msg timestamp="20231031 20:22:51.792" level="INFO">${valid} = True</msg>
<status status="PASS" starttime="20231031 20:22:51.791" endtime="20231031 20:22:51.792"/>
</kw>
<return>
<value>${valid}</value>
<status status="PASS" starttime="20231031 20:22:51.792" endtime="20231031 20:22:51.792"/>
</return>
<msg timestamp="20231031 20:22:51.792" level="INFO">${valid} = True</msg>
<status status="PASS" starttime="20231031 20:22:51.765" endtime="20231031 20:22:51.792"/>
</kw>
<if>
<branch type="IF" condition="${valid}">
<kw name="Post traffic data to sales system">
<arg>${traffic_data}</arg>
<kw name="Execute Traffic Data Post">
<var>${status}</var>
<var>${return}</var>
<arg>${traffic_data}</arg>
<kw name="Run Keyword And Ignore Error" library="BuiltIn">
<var>${status}</var>
<var>${return}</var>
<arg>POST</arg>
<arg>https://robocorp.com/inhuman-insurance-inc/sales-system-api</arg>
<arg>json=${traffic_data}</arg>
<doc>Runs the given keyword with the given arguments and ignores possible error.</doc>
<kw name="POST" library="RPA.HTTP">
<arg>https://robocorp.com/inhuman-insurance-inc/sales-system-api</arg>
<arg>json=${traffic_data}</arg>
<doc>Sends a POST request.</doc>
<status status="PASS" starttime="20231031 20:22:51.794" endtime="20231031 20:22:52.569"/>
</kw>
<msg timestamp="20231031 20:22:52.570" level="INFO">${status} = PASS</msg>
<msg timestamp="20231031 20:22:52.570" level="INFO">${return} = &lt;Response [200]&gt;</msg>
<status status="PASS" starttime="20231031 20:22:51.794" endtime="20231031 20:22:52.570"/>
</kw>
<return>
<value>${status}</value>
<value>${return}</value>
<status status="PASS" starttime="20231031 20:22:52.571" endtime="20231031 20:22:52.571"/>
</return>
<msg timestamp="20231031 20:22:52.571" level="INFO">${status} = PASS</msg>
<msg timestamp="20231031 20:22:52.572" level="INFO">${return} = &lt;Response [200]&gt;</msg>
<status status="PASS" starttime="20231031 20:22:51.793" endtime="20231031 20:22:52.572"/>
</kw>
<kw name="Handle traffic API response">
<arg>${status}</arg>
<arg>${return}</arg>
<arg>${traffic_data}</arg>
<if>
<branch type="IF" condition="&quot;${status}&quot; == &quot;PASS&quot;">
<kw name="Handle traffic API OK response">
<kw name="Release Input Work Item" library="RPA.Robocorp.WorkItems">
<arg>DONE</arg>
<doc>Release the lastly retrieved input work item and set its state.</doc>
<msg timestamp="20231031 20:22:52.577" level="INFO">Releasing item '0' with COMPLETED state and exception: None</msg>
<status status="PASS" starttime="20231031 20:22:52.576" endtime="20231031 20:22:52.578"/>
</kw>
<status status="PASS" starttime="20231031 20:22:52.574" endtime="20231031 20:22:52.578"/>
</kw>
<status status="PASS" starttime="20231031 20:22:52.574" endtime="20231031 20:22:52.578"/>
</branch>
<branch type="ELSE">
<kw name="Handle traffic API error response">
<arg>${return}</arg>
<arg>${traffic_data}</arg>
<status status="NOT RUN" starttime="20231031 20:22:52.579" endtime="20231031 20:22:52.579"/>
</kw>
<status status="NOT RUN" starttime="20231031 20:22:52.579" endtime="20231031 20:22:52.580"/>
</branch>
<status status="PASS" starttime="20231031 20:22:52.574" endtime="20231031 20:22:52.580"/>
</if>
<status status="PASS" starttime="20231031 20:22:52.572" endtime="20231031 20:22:52.580"/>
</kw>
<status status="PASS" starttime="20231031 20:22:51.793" endtime="20231031 20:22:52.580"/>
</kw>
<status status="PASS" starttime="20231031 20:22:51.793" endtime="20231031 20:22:52.581"/>
</branch>
<branch type="ELSE">
<kw name="Handle invalid traffic data">
<arg>${traffic_data}</arg>
<status status="NOT RUN" starttime="20231031 20:22:52.581" endtime="20231031 20:22:52.582"/>
</kw>
<status status="NOT RUN" starttime="20231031 20:22:52.581" endtime="20231031 20:22:52.582"/>
</branch>
<status status="PASS" starttime="20231031 20:22:51.793" endtime="20231031 20:22:52.582"/>
</if>
<status status="PASS" starttime="20231031 20:22:51.762" endtime="20231031 20:22:52.582"/>
</kw>
<kw name="Process traffic data">
<kw name="Get Work Item Payload" library="RPA.Robocorp.WorkItems">
<var>${payload}</var>
<doc>Get the full JSON payload for a work item.</doc>
<msg timestamp="20231031 20:22:52.584" level="INFO">${payload} = {'traffic_data': {'country': 'SWError', 'year': 2019, 'rate': 3.13947}}</msg>
<status status="PASS" starttime="20231031 20:22:52.583" endtime="20231031 20:22:52.584"/>
</kw>
<kw name="Set Variable" library="BuiltIn">
<var>${traffic_data}</var>
<arg>${payload}[${WORK_ITEM_NAME}]</arg>
<doc>Returns the given values which can then be assigned to a variables.</doc>
<msg timestamp="20231031 20:22:52.588" level="INFO">${traffic_data} = {'country': 'SWError', 'year': 2019, 'rate': 3.13947}</msg>
<status status="PASS" starttime="20231031 20:22:52.585" endtime="20231031 20:22:52.588"/>
</kw>
<kw name="Validate traffic data">
<var>${valid}</var>
<arg>${traffic_data}</arg>
<kw name="Get value from JSON" library="RPA.JSON">
<var>${country}</var>
<arg>${traffic_data}</arg>
<arg>$.country</arg>
<doc>Get a single value from a JSON serializable object that matches the given expression.</doc>
<msg timestamp="20231031 20:22:52.595" level="INFO">Get value from JSON with expression: '$.country'</msg>
<msg timestamp="20231031 20:22:52.633" level="INFO">${country} = SWError</msg>
<status status="PASS" starttime="20231031 20:22:52.591" endtime="20231031 20:22:52.633"/>
</kw>
<kw name="Evaluate" library="BuiltIn">
<var>${valid}</var>
<arg>len("${country}") == 3</arg>
<doc>Evaluates the given expression in Python and returns the result.</doc>
<msg timestamp="20231031 20:22:52.634" level="INFO">${valid} = False</msg>
<status status="PASS" starttime="20231031 20:22:52.633" endtime="20231031 20:22:52.634"/>
</kw>
<return>
<value>${valid}</value>
<status status="PASS" starttime="20231031 20:22:52.635" endtime="20231031 20:22:52.635"/>
</return>
<msg timestamp="20231031 20:22:52.635" level="INFO">${valid} = False</msg>
<status status="PASS" starttime="20231031 20:22:52.589" endtime="20231031 20:22:52.635"/>
</kw>
<if>
<branch type="IF" condition="${valid}">
<kw name="Post traffic data to sales system">
<arg>${traffic_data}</arg>
<status status="NOT RUN" starttime="20231031 20:22:52.636" endtime="20231031 20:22:52.636"/>
</kw>
<status status="NOT RUN" starttime="20231031 20:22:52.636" endtime="20231031 20:22:52.637"/>
</branch>
<branch type="ELSE">
<kw name="Handle invalid traffic data">
<arg>${traffic_data}</arg>
<kw name="Correct Traffic Data">
<var>${corrected_data}</var>
<arg>${traffic_data}</arg>
<kw name="Get value from JSON" library="RPA.JSON">
<var>${country}</var>
<arg>${traffic_data}</arg>
<arg>$.country</arg>
<doc>Get a single value from a JSON serializable object that matches the given expression.</doc>
<msg timestamp="20231031 20:22:52.642" level="INFO">Get value from JSON with expression: '$.country'</msg>
<msg timestamp="20231031 20:22:52.663" level="INFO">${country} = SWError</msg>
<status status="PASS" starttime="20231031 20:22:52.639" endtime="20231031 20:22:52.663"/>
</kw>
<kw name="Get Length" library="BuiltIn">
<var>${country_length}</var>
<arg>${country}</arg>
<doc>Returns and logs the length of the given item as an integer.</doc>
<msg timestamp="20231031 20:22:52.664" level="INFO">Length is 7</msg>
<msg timestamp="20231031 20:22:52.664" level="INFO">${country_length} = 7</msg>
<status status="PASS" starttime="20231031 20:22:52.663" endtime="20231031 20:22:52.664"/>
</kw>
<if>
<branch type="IF" condition="${country_length} &gt; 3">
<kw name="Log" library="BuiltIn">
<arg>Invalid country detected: ${country}. Correcting to BRA.</arg>
<arg>WARN</arg>
<doc>Logs the given message with the given level.</doc>
<msg timestamp="20231031 20:22:52.665" level="WARN">Invalid country detected: SWError. Correcting to BRA.</msg>
<status status="PASS" starttime="20231031 20:22:52.665" endtime="20231031 20:22:52.665"/>
</kw>
<kw name="Set Variable" library="BuiltIn">
<var>${traffic_data}[country]</var>
<arg>BRA</arg>
<doc>Returns the given values which can then be assigned to a variables.</doc>
<msg timestamp="20231031 20:22:52.666" level="INFO">${traffic_data}[country] = BRA</msg>
<status status="PASS" starttime="20231031 20:22:52.665" endtime="20231031 20:22:52.666"/>
</kw>
<kw name="Sleep" library="BuiltIn">
<arg>3</arg>
<doc>Pauses the test executed for the given time.</doc>
<msg timestamp="20231031 20:22:55.666" level="INFO">Slept 3 seconds</msg>
<status status="PASS" starttime="20231031 20:22:52.666" endtime="20231031 20:22:55.667"/>
</kw>
<kw name="Save Work Item" library="RPA.Robocorp.WorkItems">
<doc>Save the current data and files in the work item. If not saved,
all changes are discarded when the library goes out of scope.</doc>
<msg timestamp="20231031 20:22:55.669" level="INFO">Saved into input file: /home/andre/inhuman-insurance-inc-ais-robot/devdata/work-items-out/run-1/work-items.json</msg>
<status status="PASS" starttime="20231031 20:22:55.667" endtime="20231031 20:22:55.670"/>
</kw>
<return>
<value>${traffic_data}</value>
<status status="PASS" starttime="20231031 20:22:55.671" endtime="20231031 20:22:55.671"/>
</return>
<status status="PASS" starttime="20231031 20:22:52.664" endtime="20231031 20:22:55.671"/>
</branch>
<status status="PASS" starttime="20231031 20:22:52.664" endtime="20231031 20:22:55.672"/>
</if>
<msg timestamp="20231031 20:22:55.672" level="INFO">${corrected_data} = {'country': 'BRA', 'year': 2019, 'rate': 3.13947}</msg>
<status status="PASS" starttime="20231031 20:22:52.638" endtime="20231031 20:22:55.673"/>
</kw>
<if>
<branch type="IF" condition="&quot;${corrected_data}&quot; != &quot;None&quot;">
<kw name="Log" library="BuiltIn">
<arg>Corrected traffic data: ${corrected_data}</arg>
<doc>Logs the given message with the given level.</doc>
<msg timestamp="20231031 20:22:55.674" level="INFO">Corrected traffic data: {'country': 'BRA', 'year': 2019, 'rate': 3.13947}</msg>
<status status="PASS" starttime="20231031 20:22:55.674" endtime="20231031 20:22:55.675"/>
</kw>
<kw name="Execute Traffic Data Post">
<var>${status}</var>
<var>${return}</var>
<arg>${corrected_data}</arg>
<kw name="Run Keyword And Ignore Error" library="BuiltIn">
<var>${status}</var>
<var>${return}</var>
<arg>POST</arg>
<arg>https://robocorp.com/inhuman-insurance-inc/sales-system-api</arg>
<arg>json=${traffic_data}</arg>
<doc>Runs the given keyword with the given arguments and ignores possible error.</doc>
<kw name="POST" library="RPA.HTTP">
<arg>https://robocorp.com/inhuman-insurance-inc/sales-system-api</arg>
<arg>json=${traffic_data}</arg>
<doc>Sends a POST request.</doc>
<status status="PASS" starttime="20231031 20:22:55.677" endtime="20231031 20:22:55.903"/>
</kw>
<msg timestamp="20231031 20:22:55.904" level="INFO">${status} = PASS</msg>
<msg timestamp="20231031 20:22:55.904" level="INFO">${return} = &lt;Response [200]&gt;</msg>
<status status="PASS" starttime="20231031 20:22:55.676" endtime="20231031 20:22:55.904"/>
</kw>
<return>
<value>${status}</value>
<value>${return}</value>
<status status="PASS" starttime="20231031 20:22:55.905" endtime="20231031 20:22:55.905"/>
</return>
<msg timestamp="20231031 20:22:55.906" level="INFO">${status} = PASS</msg>
<msg timestamp="20231031 20:22:55.906" level="INFO">${return} = &lt;Response [200]&gt;</msg>
<status status="PASS" starttime="20231031 20:22:55.675" endtime="20231031 20:22:55.906"/>
</kw>
<if>
<branch type="IF" condition="&quot;${status}&quot; == &quot;PASS&quot;">
<kw name="Release Input Work Item" library="RPA.Robocorp.WorkItems">
<arg>DONE</arg>
<doc>Release the lastly retrieved input work item and set its state.</doc>
<msg timestamp="20231031 20:22:55.908" level="INFO">Releasing item '1' with COMPLETED state and exception: None</msg>
<status status="PASS" starttime="20231031 20:22:55.907" endtime="20231031 20:22:55.909"/>
</kw>
<return>
<status status="PASS" starttime="20231031 20:22:55.909" endtime="20231031 20:22:55.910"/>
</return>
<status status="PASS" starttime="20231031 20:22:55.906" endtime="20231031 20:22:55.910"/>
</branch>
<status status="PASS" starttime="20231031 20:22:55.906" endtime="20231031 20:22:55.910"/>
</if>
<status status="PASS" starttime="20231031 20:22:55.673" endtime="20231031 20:22:55.910"/>
</branch>
<status status="PASS" starttime="20231031 20:22:55.673" endtime="20231031 20:22:55.910"/>
</if>
<kw name="Set Variable" library="BuiltIn">
<var>${message}</var>
<arg>Invalid traffic data: ${traffic_data}</arg>
<doc>Returns the given values which can then be assigned to a variables.</doc>
<status status="NOT RUN" starttime="20231031 20:22:55.911" endtime="20231031 20:22:55.911"/>
</kw>
<kw name="Log" library="BuiltIn">
<arg>${message}</arg>
<arg>WARN</arg>
<doc>Logs the given message with the given level.</doc>
<status status="NOT RUN" starttime="20231031 20:22:55.911" endtime="20231031 20:22:55.912"/>
</kw>
<kw name="Release Input Work Item" library="RPA.Robocorp.WorkItems">
<arg>state=FAILED</arg>
<arg>exception_type=BUSINESS</arg>
<arg>code=INVALID_TRAFFIC_DATA</arg>
<arg>message=${message}</arg>
<doc>Release the lastly retrieved input work item and set its state.</doc>
<status status="NOT RUN" starttime="20231031 20:22:55.912" endtime="20231031 20:22:55.912"/>
</kw>
<status status="PASS" starttime="20231031 20:22:52.637" endtime="20231031 20:22:55.913"/>
</kw>
<status status="PASS" starttime="20231031 20:22:52.637" endtime="20231031 20:22:55.913"/>
</branch>
<status status="PASS" starttime="20231031 20:22:52.636" endtime="20231031 20:22:55.913"/>
</if>
<status status="PASS" starttime="20231031 20:22:52.583" endtime="20231031 20:22:55.913"/>
</kw>
<kw name="Process traffic data">
<kw name="Get Work Item Payload" library="RPA.Robocorp.WorkItems">
<var>${payload}</var>
<doc>Get the full JSON payload for a work item.</doc>
<msg timestamp="20231031 20:22:55.915" level="INFO">${payload} = {'traffic_data': {'country': 'SWE', 'year': 2018, 'rate': 3.61718}}</msg>
<status status="PASS" starttime="20231031 20:22:55.915" endtime="20231031 20:22:55.916"/>
</kw>
<kw name="Set Variable" library="BuiltIn">
<var>${traffic_data}</var>
<arg>${payload}[${WORK_ITEM_NAME}]</arg>
<doc>Returns the given values which can then be assigned to a variables.</doc>
<msg timestamp="20231031 20:22:55.917" level="INFO">${traffic_data} = {'country': 'SWE', 'year': 2018, 'rate': 3.61718}</msg>
<status status="PASS" starttime="20231031 20:22:55.916" endtime="20231031 20:22:55.917"/>
</kw>
<kw name="Validate traffic data">
<var>${valid}</var>
<arg>${traffic_data}</arg>
<kw name="Get value from JSON" library="RPA.JSON">
<var>${country}</var>
<arg>${traffic_data}</arg>
<arg>$.country</arg>
<doc>Get a single value from a JSON serializable object that matches the given expression.</doc>
<msg timestamp="20231031 20:22:55.926" level="INFO">Get value from JSON with expression: '$.country'</msg>
<msg timestamp="20231031 20:22:55.960" level="INFO">${country} = SWE</msg>
<status status="PASS" starttime="20231031 20:22:55.919" endtime="20231031 20:22:55.960"/>
</kw>
<kw name="Evaluate" library="BuiltIn">
<var>${valid}</var>
<arg>len("${country}") == 3</arg>
<doc>Evaluates the given expression in Python and returns the result.</doc>
<msg timestamp="20231031 20:22:55.961" level="INFO">${valid} = True</msg>
<status status="PASS" starttime="20231031 20:22:55.960" endtime="20231031 20:22:55.961"/>
</kw>
<return>
<value>${valid}</value>
<status status="PASS" starttime="20231031 20:22:55.961" endtime="20231031 20:22:55.962"/>
</return>
<msg timestamp="20231031 20:22:55.962" level="INFO">${valid} = True</msg>
<status status="PASS" starttime="20231031 20:22:55.918" endtime="20231031 20:22:55.962"/>
</kw>
<if>
<branch type="IF" condition="${valid}">
<kw name="Post traffic data to sales system">
<arg>${traffic_data}</arg>
<kw name="Execute Traffic Data Post">
<var>${status}</var>
<var>${return}</var>
<arg>${traffic_data}</arg>
<kw name="Run Keyword And Ignore Error" library="BuiltIn">
<var>${status}</var>
<var>${return}</var>
<arg>POST</arg>
<arg>https://robocorp.com/inhuman-insurance-inc/sales-system-api</arg>
<arg>json=${traffic_data}</arg>
<doc>Runs the given keyword with the given arguments and ignores possible error.</doc>
<kw name="POST" library="RPA.HTTP">
<arg>https://robocorp.com/inhuman-insurance-inc/sales-system-api</arg>
<arg>json=${traffic_data}</arg>
<doc>Sends a POST request.</doc>
<status status="PASS" starttime="20231031 20:22:55.964" endtime="20231031 20:22:56.267"/>
</kw>
<msg timestamp="20231031 20:22:56.269" level="INFO">${status} = PASS</msg>
<msg timestamp="20231031 20:22:56.269" level="INFO">${return} = &lt;Response [200]&gt;</msg>
<status status="PASS" starttime="20231031 20:22:55.964" endtime="20231031 20:22:56.269"/>
</kw>
<return>
<value>${status}</value>
<value>${return}</value>
<status status="PASS" starttime="20231031 20:22:56.270" endtime="20231031 20:22:56.270"/>
</return>
<msg timestamp="20231031 20:22:56.271" level="INFO">${status} = PASS</msg>
<msg timestamp="20231031 20:22:56.271" level="INFO">${return} = &lt;Response [200]&gt;</msg>
<status status="PASS" starttime="20231031 20:22:55.963" endtime="20231031 20:22:56.272"/>
</kw>
<kw name="Handle traffic API response">
<arg>${status}</arg>
<arg>${return}</arg>
<arg>${traffic_data}</arg>
<if>
<branch type="IF" condition="&quot;${status}&quot; == &quot;PASS&quot;">
<kw name="Handle traffic API OK response">
<kw name="Release Input Work Item" library="RPA.Robocorp.WorkItems">
<arg>DONE</arg>
<doc>Release the lastly retrieved input work item and set its state.</doc>
<msg timestamp="20231031 20:22:56.277" level="INFO">Releasing item '2' with COMPLETED state and exception: None</msg>
<status status="PASS" starttime="20231031 20:22:56.276" endtime="20231031 20:22:56.281"/>
</kw>
<status status="PASS" starttime="20231031 20:22:56.275" endtime="20231031 20:22:56.282"/>
</kw>
<status status="PASS" starttime="20231031 20:22:56.274" endtime="20231031 20:22:56.283"/>
</branch>
<branch type="ELSE">
<kw name="Handle traffic API error response">
<arg>${return}</arg>
<arg>${traffic_data}</arg>
<status status="NOT RUN" starttime="20231031 20:22:56.284" endtime="20231031 20:22:56.284"/>
</kw>
<status status="NOT RUN" starttime="20231031 20:22:56.283" endtime="20231031 20:22:56.284"/>
</branch>
<status status="PASS" starttime="20231031 20:22:56.274" endtime="20231031 20:22:56.285"/>
</if>
<status status="PASS" starttime="20231031 20:22:56.272" endtime="20231031 20:22:56.285"/>
</kw>
<status status="PASS" starttime="20231031 20:22:55.963" endtime="20231031 20:22:56.285"/>
</kw>
<status status="PASS" starttime="20231031 20:22:55.962" endtime="20231031 20:22:56.286"/>
</branch>
<branch type="ELSE">
<kw name="Handle invalid traffic data">
<arg>${traffic_data}</arg>
<status status="NOT RUN" starttime="20231031 20:22:56.287" endtime="20231031 20:22:56.287"/>
</kw>
<status status="NOT RUN" starttime="20231031 20:22:56.286" endtime="20231031 20:22:56.287"/>
</branch>
<status status="PASS" starttime="20231031 20:22:55.962" endtime="20231031 20:22:56.288"/>
</if>
<status status="PASS" starttime="20231031 20:22:55.914" endtime="20231031 20:22:56.288"/>
</kw>
<kw name="Process traffic data">
<kw name="Get Work Item Payload" library="RPA.Robocorp.WorkItems">
<var>${payload}</var>
<doc>Get the full JSON payload for a work item.</doc>
<msg timestamp="20231031 20:22:56.291" level="INFO">${payload} = {'traffic_data': {'country': 'SVN', 'year': 2018, 'rate': 4.52394}}</msg>
<status status="PASS" starttime="20231031 20:22:56.290" endtime="20231031 20:22:56.291"/>
</kw>
<kw name="Set Variable" library="BuiltIn">
<var>${traffic_data}</var>
<arg>${payload}[${WORK_ITEM_NAME}]</arg>
<doc>Returns the given values which can then be assigned to a variables.</doc>
<msg timestamp="20231031 20:22:56.294" level="INFO">${traffic_data} = {'country': 'SVN', 'year': 2018, 'rate': 4.52394}</msg>
<status status="PASS" starttime="20231031 20:22:56.292" endtime="20231031 20:22:56.294"/>
</kw>
<kw name="Validate traffic data">
<var>${valid}</var>
<arg>${traffic_data}</arg>
<kw name="Get value from JSON" library="RPA.JSON">
<var>${country}</var>
<arg>${traffic_data}</arg>
<arg>$.country</arg>
<doc>Get a single value from a JSON serializable object that matches the given expression.</doc>
<msg timestamp="20231031 20:22:56.302" level="INFO">Get value from JSON with expression: '$.country'</msg>
<msg timestamp="20231031 20:22:56.369" level="INFO">${country} = SVN</msg>
<status status="PASS" starttime="20231031 20:22:56.296" endtime="20231031 20:22:56.369"/>
</kw>
<kw name="Evaluate" library="BuiltIn">
<var>${valid}</var>
<arg>len("${country}") == 3</arg>
<doc>Evaluates the given expression in Python and returns the result.</doc>
<msg timestamp="20231031 20:22:56.371" level="INFO">${valid} = True</msg>
<status status="PASS" starttime="20231031 20:22:56.370" endtime="20231031 20:22:56.371"/>
</kw>
<return>
<value>${valid}</value>
<status status="PASS" starttime="20231031 20:22:56.372" endtime="20231031 20:22:56.372"/>
</return>
<msg timestamp="20231031 20:22:56.372" level="INFO">${valid} = True</msg>
<status status="PASS" starttime="20231031 20:22:56.295" endtime="20231031 20:22:56.373"/>
</kw>
<if>
<branch type="IF" condition="${valid}">
<kw name="Post traffic data to sales system">
<arg>${traffic_data}</arg>
<kw name="Execute Traffic Data Post">
<var>${status}</var>
<var>${return}</var>
<arg>${traffic_data}</arg>
<kw name="Run Keyword And Ignore Error" library="BuiltIn">
<var>${status}</var>
<var>${return}</var>
<arg>POST</arg>
<arg>https://robocorp.com/inhuman-insurance-inc/sales-system-api</arg>
<arg>json=${traffic_data}</arg>
<doc>Runs the given keyword with the given arguments and ignores possible error.</doc>
<kw name="POST" library="RPA.HTTP">
<arg>https://robocorp.com/inhuman-insurance-inc/sales-system-api</arg>
<arg>json=${traffic_data}</arg>
<doc>Sends a POST request.</doc>
<msg timestamp="20231031 20:22:56.625" level="FAIL">HTTPError: 500 Server Error: Internal Server Error for url: https://robocorp.com/inhuman-insurance-inc/sales-system-api</msg>
<status status="FAIL" starttime="20231031 20:22:56.383" endtime="20231031 20:22:56.628"/>
</kw>
<msg timestamp="20231031 20:22:56.629" level="INFO">${status} = FAIL</msg>
<msg timestamp="20231031 20:22:56.629" level="INFO">${return} = HTTPError: 500 Server Error: Internal Server Error for url: https://robocorp.com/inhuman-insurance-inc/sales-system-api</msg>
<status status="PASS" starttime="20231031 20:22:56.382" endtime="20231031 20:22:56.629"/>
</kw>
<return>
<value>${status}</value>
<value>${return}</value>
<status status="PASS" starttime="20231031 20:22:56.630" endtime="20231031 20:22:56.630"/>
</return>
<msg timestamp="20231031 20:22:56.631" level="INFO">${status} = FAIL</msg>
<msg timestamp="20231031 20:22:56.632" level="INFO">${return} = HTTPError: 500 Server Error: Internal Server Error for url: https://robocorp.com/inhuman-insurance-inc/sales-system-api</msg>
<status status="PASS" starttime="20231031 20:22:56.381" endtime="20231031 20:22:56.632"/>
</kw>
<kw name="Handle traffic API response">
<arg>${status}</arg>
<arg>${return}</arg>
<arg>${traffic_data}</arg>
<if>
<branch type="IF" condition="&quot;${status}&quot; == &quot;PASS&quot;">
<kw name="Handle traffic API OK response">
<status status="NOT RUN" starttime="20231031 20:22:56.634" endtime="20231031 20:22:56.634"/>
</kw>
<status status="NOT RUN" starttime="20231031 20:22:56.633" endtime="20231031 20:22:56.634"/>
</branch>
<branch type="ELSE">
<kw name="Handle traffic API error response">
<arg>${return}</arg>
<arg>${traffic_data}</arg>
<kw name="Retry On Application Error">
<var>${status}</var>
<var>${return}</var>
<arg>${traffic_data}</arg>
<kw name="Set Variable" library="BuiltIn">
<var>${retry_count}</var>
<arg>7</arg>
<doc>Returns the given values which can then be assigned to a variables.</doc>
<msg timestamp="20231031 20:22:56.638" level="INFO">${retry_count} = 7</msg>
<status status="PASS" starttime="20231031 20:22:56.637" endtime="20231031 20:22:56.638"/>
</kw>
<for flavor="IN RANGE">
<var>${i}</var>
<value>${retry_count}</value>
<iter>
<var name="${i}">0</var>
<kw name="Execute Traffic Data Post">
<var>${status}</var>
<var>${return}</var>
<arg>${traffic_data}</arg>
<kw name="Run Keyword And Ignore Error" library="BuiltIn">
<var>${status}</var>
<var>${return}</var>
<arg>POST</arg>
<arg>https://robocorp.com/inhuman-insurance-inc/sales-system-api</arg>
<arg>json=${traffic_data}</arg>
<doc>Runs the given keyword with the given arguments and ignores possible error.</doc>
<kw name="POST" library="RPA.HTTP">
<arg>https://robocorp.com/inhuman-insurance-inc/sales-system-api</arg>
<arg>json=${traffic_data}</arg>
<doc>Sends a POST request.</doc>
<status status="PASS" starttime="20231031 20:22:56.642" endtime="20231031 20:22:56.894"/>
</kw>
<msg timestamp="20231031 20:22:56.895" level="INFO">${status} = PASS</msg>
<msg timestamp="20231031 20:22:56.896" level="INFO">${return} = &lt;Response [200]&gt;</msg>
<status status="PASS" starttime="20231031 20:22:56.641" endtime="20231031 20:22:56.896"/>
</kw>
<return>
<value>${status}</value>
<value>${return}</value>
<status status="PASS" starttime="20231031 20:22:56.896" endtime="20231031 20:22:56.897"/>
</return>
<msg timestamp="20231031 20:22:56.897" level="INFO">${status} = PASS</msg>
<msg timestamp="20231031 20:22:56.897" level="INFO">${return} = &lt;Response [200]&gt;</msg>
<status status="PASS" starttime="20231031 20:22:56.640" endtime="20231031 20:22:56.898"/>
</kw>
<if>
<branch type="IF" condition="'${status}' == 'PASS'">
<kw name="Log" library="BuiltIn">
<arg>Reprocessed successfully after ${i+1} attempts: ${traffic_data}</arg>
<doc>Logs the given message with the given level.</doc>
<msg timestamp="20231031 20:22:56.900" level="INFO">Reprocessed successfully after 1 attempts: {'country': 'SVN', 'year': 2018, 'rate': 4.52394}</msg>
<status status="PASS" starttime="20231031 20:22:56.898" endtime="20231031 20:22:56.900"/>
</kw>
<break>
<status status="PASS" starttime="20231031 20:22:56.900" endtime="20231031 20:22:56.901"/>
</break>
<status status="PASS" starttime="20231031 20:22:56.898" endtime="20231031 20:22:56.901"/>
</branch>
<status status="PASS" starttime="20231031 20:22:56.898" endtime="20231031 20:22:56.901"/>
</if>
<status status="PASS" starttime="20231031 20:22:56.640" endtime="20231031 20:22:56.902"/>
</iter>
<status status="PASS" starttime="20231031 20:22:56.638" endtime="20231031 20:22:56.902"/>
</for>
<return>
<value>${status}</value>
<value>${return}</value>
<status status="PASS" starttime="20231031 20:22:56.902" endtime="20231031 20:22:56.903"/>
</return>
<msg timestamp="20231031 20:22:56.904" level="INFO">${status} = PASS</msg>
<msg timestamp="20231031 20:22:56.904" level="INFO">${return} = &lt;Response [200]&gt;</msg>
<status status="PASS" starttime="20231031 20:22:56.636" endtime="20231031 20:22:56.904"/>
</kw>
<if>
<branch type="IF" condition="'${status}' == 'FAIL'">
<kw name="Log" library="BuiltIn">
<arg>Traffic data posting failed: ${traffic_data} ${return}</arg>
<arg>ERROR</arg>
<doc>Logs the given message with the given level.</doc>
<status status="NOT RUN" starttime="20231031 20:22:56.906" endtime="20231031 20:22:56.906"/>
</kw>
<kw name="Release Input Work Item" library="RPA.Robocorp.WorkItems">
<arg>state=FAILED</arg>
<arg>exception_type=APPLICATION</arg>
<arg>code=TRAFFIC_DATA_POST_FAILED</arg>
<arg>message=${return}</arg>
<doc>Release the lastly retrieved input work item and set its state.</doc>
<status status="NOT RUN" starttime="20231031 20:22:56.907" endtime="20231031 20:22:56.907"/>
</kw>
<status status="NOT RUN" starttime="20231031 20:22:56.905" endtime="20231031 20:22:56.907"/>
</branch>
<status status="PASS" starttime="20231031 20:22:56.905" endtime="20231031 20:22:56.908"/>
</if>
<status status="PASS" starttime="20231031 20:22:56.635" endtime="20231031 20:22:56.908"/>
</kw>
<status status="PASS" starttime="20231031 20:22:56.635" endtime="20231031 20:22:56.908"/>
</branch>
<status status="PASS" starttime="20231031 20:22:56.633" endtime="20231031 20:22:56.908"/>
</if>
<status status="PASS" starttime="20231031 20:22:56.632" endtime="20231031 20:22:56.908"/>
</kw>
<status status="PASS" starttime="20231031 20:22:56.374" endtime="20231031 20:22:56.909"/>
</kw>
<status status="PASS" starttime="20231031 20:22:56.373" endtime="20231031 20:22:56.909"/>
</branch>
<branch type="ELSE">
<kw name="Handle invalid traffic data">
<arg>${traffic_data}</arg>
<status status="NOT RUN" starttime="20231031 20:22:56.910" endtime="20231031 20:22:56.910"/>
</kw>
<status status="NOT RUN" starttime="20231031 20:22:56.909" endtime="20231031 20:22:56.910"/>
</branch>
<status status="PASS" starttime="20231031 20:22:56.373" endtime="20231031 20:22:56.910"/>
</if>
<status status="PASS" starttime="20231031 20:22:56.289" endtime="20231031 20:22:56.910"/>
</kw>
<msg timestamp="20231031 20:22:56.911" level="INFO">Releasing item '3' with COMPLETED state and exception: None</msg>
<kw name="Process traffic data">
<kw name="Get Work Item Payload" library="RPA.Robocorp.WorkItems">
<var>${payload}</var>
<doc>Get the full JSON payload for a work item.</doc>
<msg timestamp="20231031 20:22:56.913" level="INFO">${payload} = {'traffic_data': {'country': 'SGP', 'year': 2019, 'rate': 2.08609}}</msg>
<status status="PASS" starttime="20231031 20:22:56.912" endtime="20231031 20:22:56.913"/>
</kw>
<kw name="Set Variable" library="BuiltIn">
<var>${traffic_data}</var>
<arg>${payload}[${WORK_ITEM_NAME}]</arg>
<doc>Returns the given values which can then be assigned to a variables.</doc>
<msg timestamp="20231031 20:22:56.914" level="INFO">${traffic_data} = {'country': 'SGP', 'year': 2019, 'rate': 2.08609}</msg>
<status status="PASS" starttime="20231031 20:22:56.913" endtime="20231031 20:22:56.914"/>
</kw>
<kw name="Validate traffic data">
<var>${valid}</var>
<arg>${traffic_data}</arg>
<kw name="Get value from JSON" library="RPA.JSON">
<var>${country}</var>
<arg>${traffic_data}</arg>
<arg>$.country</arg>
<doc>Get a single value from a JSON serializable object that matches the given expression.</doc>
<msg timestamp="20231031 20:22:56.918" level="INFO">Get value from JSON with expression: '$.country'</msg>
<msg timestamp="20231031 20:22:56.981" level="INFO">${country} = SGP</msg>
<status status="PASS" starttime="20231031 20:22:56.915" endtime="20231031 20:22:56.981"/>
</kw>
<kw name="Evaluate" library="BuiltIn">
<var>${valid}</var>
<arg>len("${country}") == 3</arg>
<doc>Evaluates the given expression in Python and returns the result.</doc>
<msg timestamp="20231031 20:22:56.982" level="INFO">${valid} = True</msg>
<status status="PASS" starttime="20231031 20:22:56.981" endtime="20231031 20:22:56.982"/>
</kw>
<return>
<value>${valid}</value>
<status status="PASS" starttime="20231031 20:22:56.982" endtime="20231031 20:22:56.982"/>
</return>
<msg timestamp="20231031 20:22:56.983" level="INFO">${valid} = True</msg>
<status status="PASS" starttime="20231031 20:22:56.915" endtime="20231031 20:22:56.983"/>
</kw>
<if>
<branch type="IF" condition="${valid}">
<kw name="Post traffic data to sales system">
<arg>${traffic_data}</arg>
<kw name="Execute Traffic Data Post">
<var>${status}</var>
<var>${return}</var>
<arg>${traffic_data}</arg>
<kw name="Run Keyword And Ignore Error" library="BuiltIn">
<var>${status}</var>
<var>${return}</var>
<arg>POST</arg>
<arg>https://robocorp.com/inhuman-insurance-inc/sales-system-api</arg>
<arg>json=${traffic_data}</arg>
<doc>Runs the given keyword with the given arguments and ignores possible error.</doc>
<kw name="POST" library="RPA.HTTP">
<arg>https://robocorp.com/inhuman-insurance-inc/sales-system-api</arg>
<arg>json=${traffic_data}</arg>
<doc>Sends a POST request.</doc>
<msg timestamp="20231031 20:22:57.255" level="FAIL">HTTPError: 500 Server Error: Internal Server Error for url: https://robocorp.com/inhuman-insurance-inc/sales-system-api</msg>
<status status="FAIL" starttime="20231031 20:22:56.984" endtime="20231031 20:22:57.256"/>
</kw>
<msg timestamp="20231031 20:22:57.256" level="INFO">${status} = FAIL</msg>
<msg timestamp="20231031 20:22:57.257" level="INFO">${return} = HTTPError: 500 Server Error: Internal Server Error for url: https://robocorp.com/inhuman-insurance-inc/sales-system-api</msg>
<status status="PASS" starttime="20231031 20:22:56.984" endtime="20231031 20:22:57.257"/>
</kw>
<return>
<value>${status}</value>
<value>${return}</value>
<status status="PASS" starttime="20231031 20:22:57.257" endtime="20231031 20:22:57.260"/>
</return>
<msg timestamp="20231031 20:22:57.261" level="INFO">${status} = FAIL</msg>
<msg timestamp="20231031 20:22:57.261" level="INFO">${return} = HTTPError: 500 Server Error: Internal Server Error for url: https://robocorp.com/inhuman-insurance-inc/sales-system-api</msg>
<status status="PASS" starttime="20231031 20:22:56.983" endtime="20231031 20:22:57.262"/>
</kw>
<kw name="Handle traffic API response">
<arg>${status}</arg>
<arg>${return}</arg>
<arg>${traffic_data}</arg>
<if>
<branch type="IF" condition="&quot;${status}&quot; == &quot;PASS&quot;">
<kw name="Handle traffic API OK response">
<status status="NOT RUN" starttime="20231031 20:22:57.264" endtime="20231031 20:22:57.264"/>
</kw>
<status status="NOT RUN" starttime="20231031 20:22:57.263" endtime="20231031 20:22:57.264"/>
</branch>
<branch type="ELSE">
<kw name="Handle traffic API error response">
<arg>${return}</arg>
<arg>${traffic_data}</arg>
<kw name="Retry On Application Error">
<var>${status}</var>
<var>${return}</var>
<arg>${traffic_data}</arg>
<kw name="Set Variable" library="BuiltIn">
<var>${retry_count}</var>
<arg>7</arg>
<doc>Returns the given values which can then be assigned to a variables.</doc>
<msg timestamp="20231031 20:22:57.269" level="INFO">${retry_count} = 7</msg>
<status status="PASS" starttime="20231031 20:22:57.268" endtime="20231031 20:22:57.269"/>
</kw>
<for flavor="IN RANGE">
<var>${i}</var>
<value>${retry_count}</value>
<iter>
<var name="${i}">0</var>
<kw name="Execute Traffic Data Post">
<var>${status}</var>
<var>${return}</var>
<arg>${traffic_data}</arg>
<kw name="Run Keyword And Ignore Error" library="BuiltIn">
<var>${status}</var>
<var>${return}</var>
<arg>POST</arg>
<arg>https://robocorp.com/inhuman-insurance-inc/sales-system-api</arg>
<arg>json=${traffic_data}</arg>
<doc>Runs the given keyword with the given arguments and ignores possible error.</doc>
<kw name="POST" library="RPA.HTTP">
<arg>https://robocorp.com/inhuman-insurance-inc/sales-system-api</arg>
<arg>json=${traffic_data}</arg>
<doc>Sends a POST request.</doc>
<status status="PASS" starttime="20231031 20:22:57.274" endtime="20231031 20:22:57.527"/>
</kw>
<msg timestamp="20231031 20:22:57.528" level="INFO">${status} = PASS</msg>
<msg timestamp="20231031 20:22:57.528" level="INFO">${return} = &lt;Response [200]&gt;</msg>
<status status="PASS" starttime="20231031 20:22:57.273" endtime="20231031 20:22:57.528"/>
</kw>
<return>
<value>${status}</value>
<value>${return}</value>
<status status="PASS" starttime="20231031 20:22:57.528" endtime="20231031 20:22:57.529"/>
</return>
<msg timestamp="20231031 20:22:57.530" level="INFO">${status} = PASS</msg>
<msg timestamp="20231031 20:22:57.530" level="INFO">${return} = &lt;Response [200]&gt;</msg>
<status status="PASS" starttime="20231031 20:22:57.271" endtime="20231031 20:22:57.530"/>
</kw>
<if>
<branch type="IF" condition="'${status}' == 'PASS'">
<kw name="Log" library="BuiltIn">
<arg>Reprocessed successfully after ${i+1} attempts: ${traffic_data}</arg>
<doc>Logs the given message with the given level.</doc>
<msg timestamp="20231031 20:22:57.533" level="INFO">Reprocessed successfully after 1 attempts: {'country': 'SGP', 'year': 2019, 'rate': 2.08609}</msg>
<status status="PASS" starttime="20231031 20:22:57.532" endtime="20231031 20:22:57.533"/>
</kw>
<break>
<status status="PASS" starttime="20231031 20:22:57.533" endtime="20231031 20:22:57.534"/>
</break>
<status status="PASS" starttime="20231031 20:22:57.531" endtime="20231031 20:22:57.534"/>
</branch>
<status status="PASS" starttime="20231031 20:22:57.531" endtime="20231031 20:22:57.534"/>
</if>
<status status="PASS" starttime="20231031 20:22:57.271" endtime="20231031 20:22:57.534"/>
</iter>
<status status="PASS" starttime="20231031 20:22:57.270" endtime="20231031 20:22:57.535"/>
</for>
<return>
<value>${status}</value>
<value>${return}</value>
<status status="PASS" starttime="20231031 20:22:57.535" endtime="20231031 20:22:57.535"/>
</return>
<msg timestamp="20231031 20:22:57.536" level="INFO">${status} = PASS</msg>
<msg timestamp="20231031 20:22:57.536" level="INFO">${return} = &lt;Response [200]&gt;</msg>
<status status="PASS" starttime="20231031 20:22:57.266" endtime="20231031 20:22:57.536"/>
</kw>
<if>
<branch type="IF" condition="'${status}' == 'FAIL'">
<kw name="Log" library="BuiltIn">
<arg>Traffic data posting failed: ${traffic_data} ${return}</arg>
<arg>ERROR</arg>
<doc>Logs the given message with the given level.</doc>
<status status="NOT RUN" starttime="20231031 20:22:57.537" endtime="20231031 20:22:57.537"/>
</kw>
<kw name="Release Input Work Item" library="RPA.Robocorp.WorkItems">
<arg>state=FAILED</arg>
<arg>exception_type=APPLICATION</arg>
<arg>code=TRAFFIC_DATA_POST_FAILED</arg>
<arg>message=${return}</arg>
<doc>Release the lastly retrieved input work item and set its state.</doc>
<status status="NOT RUN" starttime="20231031 20:22:57.538" endtime="20231031 20:22:57.538"/>
</kw>
<status status="NOT RUN" starttime="20231031 20:22:57.536" endtime="20231031 20:22:57.538"/>
</branch>
<status status="PASS" starttime="20231031 20:22:57.536" endtime="20231031 20:22:57.539"/>
</if>
<status status="PASS" starttime="20231031 20:22:57.265" endtime="20231031 20:22:57.539"/>
</kw>
<status status="PASS" starttime="20231031 20:22:57.265" endtime="20231031 20:22:57.539"/>
</branch>
<status status="PASS" starttime="20231031 20:22:57.263" endtime="20231031 20:22:57.539"/>
</if>
<status status="PASS" starttime="20231031 20:22:57.262" endtime="20231031 20:22:57.540"/>
</kw>
<status status="PASS" starttime="20231031 20:22:56.983" endtime="20231031 20:22:57.540"/>
</kw>
<status status="PASS" starttime="20231031 20:22:56.983" endtime="20231031 20:22:57.540"/>
</branch>
<branch type="ELSE">
<kw name="Handle invalid traffic data">
<arg>${traffic_data}</arg>
<status status="NOT RUN" starttime="20231031 20:22:57.541" endtime="20231031 20:22:57.542"/>
</kw>
<status status="NOT RUN" starttime="20231031 20:22:57.541" endtime="20231031 20:22:57.542"/>
</branch>
<status status="PASS" starttime="20231031 20:22:56.983" endtime="20231031 20:22:57.542"/>
</if>
<status status="PASS" starttime="20231031 20:22:56.911" endtime="20231031 20:22:57.542"/>
</kw>
<msg timestamp="20231031 20:22:57.543" level="INFO">Releasing item '4' with COMPLETED state and exception: None</msg>
<kw name="Process traffic data">
<kw name="Get Work Item Payload" library="RPA.Robocorp.WorkItems">
<var>${payload}</var>
<doc>Get the full JSON payload for a work item.</doc>
<msg timestamp="20231031 20:22:57.545" level="INFO">${payload} = {'traffic_data': {'country': 'NOR', 'year': 2019, 'rate': 2.12302}}</msg>
<status status="PASS" starttime="20231031 20:22:57.544" endtime="20231031 20:22:57.545"/>
</kw>
<kw name="Set Variable" library="BuiltIn">
<var>${traffic_data}</var>
<arg>${payload}[${WORK_ITEM_NAME}]</arg>
<doc>Returns the given values which can then be assigned to a variables.</doc>
<msg timestamp="20231031 20:22:57.547" level="INFO">${traffic_data} = {'country': 'NOR', 'year': 2019, 'rate': 2.12302}</msg>
<status status="PASS" starttime="20231031 20:22:57.546" endtime="20231031 20:22:57.547"/>
</kw>
<kw name="Validate traffic data">
<var>${valid}</var>
<arg>${traffic_data}</arg>
<kw name="Get value from JSON" library="RPA.JSON">
<var>${country}</var>
<arg>${traffic_data}</arg>
<arg>$.country</arg>
<doc>Get a single value from a JSON serializable object that matches the given expression.</doc>
<msg timestamp="20231031 20:22:57.550" level="INFO">Get value from JSON with expression: '$.country'</msg>
<msg timestamp="20231031 20:22:57.580" level="INFO">${country} = NOR</msg>
<status status="PASS" starttime="20231031 20:22:57.548" endtime="20231031 20:22:57.580"/>
</kw>
<kw name="Evaluate" library="BuiltIn">
<var>${valid}</var>
<arg>len("${country}") == 3</arg>
<doc>Evaluates the given expression in Python and returns the result.</doc>
<msg timestamp="20231031 20:22:57.581" level="INFO">${valid} = True</msg>
<status status="PASS" starttime="20231031 20:22:57.581" endtime="20231031 20:22:57.581"/>
</kw>
<return>
<value>${valid}</value>
<status status="PASS" starttime="20231031 20:22:57.582" endtime="20231031 20:22:57.582"/>
</return>
<msg timestamp="20231031 20:22:57.582" level="INFO">${valid} = True</msg>
<status status="PASS" starttime="20231031 20:22:57.547" endtime="20231031 20:22:57.582"/>
</kw>
<if>
<branch type="IF" condition="${valid}">
<kw name="Post traffic data to sales system">
<arg>${traffic_data}</arg>
<kw name="Execute Traffic Data Post">
<var>${status}</var>
<var>${return}</var>
<arg>${traffic_data}</arg>
<kw name="Run Keyword And Ignore Error" library="BuiltIn">
<var>${status}</var>
<var>${return}</var>
<arg>POST</arg>
<arg>https://robocorp.com/inhuman-insurance-inc/sales-system-api</arg>
<arg>json=${traffic_data}</arg>
<doc>Runs the given keyword with the given arguments and ignores possible error.</doc>
<kw name="POST" library="RPA.HTTP">
<arg>https://robocorp.com/inhuman-insurance-inc/sales-system-api</arg>
<arg>json=${traffic_data}</arg>
<doc>Sends a POST request.</doc>
<status status="PASS" starttime="20231031 20:22:57.584" endtime="20231031 20:22:57.884"/>
</kw>
<msg timestamp="20231031 20:22:57.885" level="INFO">${status} = PASS</msg>
<msg timestamp="20231031 20:22:57.885" level="INFO">${return} = &lt;Response [200]&gt;</msg>
<status status="PASS" starttime="20231031 20:22:57.584" endtime="20231031 20:22:57.885"/>
</kw>
<return>
<value>${status}</value>
<value>${return}</value>
<status status="PASS" starttime="20231031 20:22:57.886" endtime="20231031 20:22:57.886"/>
</return>
<msg timestamp="20231031 20:22:57.886" level="INFO">${status} = PASS</msg>
<msg timestamp="20231031 20:22:57.887" level="INFO">${return} = &lt;Response [200]&gt;</msg>
<status status="PASS" starttime="20231031 20:22:57.583" endtime="20231031 20:22:57.887"/>
</kw>
<kw name="Handle traffic API response">
<arg>${status}</arg>
<arg>${return}</arg>
<arg>${traffic_data}</arg>
<if>
<branch type="IF" condition="&quot;${status}&quot; == &quot;PASS&quot;">
<kw name="Handle traffic API OK response">
<kw name="Release Input Work Item" library="RPA.Robocorp.WorkItems">
<arg>DONE</arg>
<doc>Release the lastly retrieved input work item and set its state.</doc>
<msg timestamp="20231031 20:22:57.892" level="INFO">Releasing item '5' with COMPLETED state and exception: None</msg>
<status status="PASS" starttime="20231031 20:22:57.890" endtime="20231031 20:22:57.893"/>
</kw>
<status status="PASS" starttime="20231031 20:22:57.889" endtime="20231031 20:22:57.893"/>
</kw>
<status status="PASS" starttime="20231031 20:22:57.888" endtime="20231031 20:22:57.893"/>
</branch>
<branch type="ELSE">
<kw name="Handle traffic API error response">
<arg>${return}</arg>
<arg>${traffic_data}</arg>
<status status="NOT RUN" starttime="20231031 20:22:57.894" endtime="20231031 20:22:57.894"/>
</kw>
<status status="NOT RUN" starttime="20231031 20:22:57.893" endtime="20231031 20:22:57.894"/>
</branch>
<status status="PASS" starttime="20231031 20:22:57.888" endtime="20231031 20:22:57.894"/>
</if>
<status status="PASS" starttime="20231031 20:22:57.887" endtime="20231031 20:22:57.895"/>
</kw>
<status status="PASS" starttime="20231031 20:22:57.583" endtime="20231031 20:22:57.895"/>
</kw>
<status status="PASS" starttime="20231031 20:22:57.582" endtime="20231031 20:22:57.895"/>
</branch>
<branch type="ELSE">
<kw name="Handle invalid traffic data">
<arg>${traffic_data}</arg>
<status status="NOT RUN" starttime="20231031 20:22:57.896" endtime="20231031 20:22:57.896"/>
</kw>
<status status="NOT RUN" starttime="20231031 20:22:57.895" endtime="20231031 20:22:57.896"/>
</branch>
<status status="PASS" starttime="20231031 20:22:57.582" endtime="20231031 20:22:57.897"/>
</if>
<status status="PASS" starttime="20231031 20:22:57.543" endtime="20231031 20:22:57.897"/>
</kw>
<kw name="Process traffic data">
<kw name="Get Work Item Payload" library="RPA.Robocorp.WorkItems">
<var>${payload}</var>
<doc>Get the full JSON payload for a work item.</doc>
<msg timestamp="20231031 20:22:57.898" level="INFO">${payload} = {'traffic_data': {'country': 'NLD', 'year': 2019, 'rate': 3.98313}}</msg>
<status status="PASS" starttime="20231031 20:22:57.898" endtime="20231031 20:22:57.899"/>
</kw>
<kw name="Set Variable" library="BuiltIn">
<var>${traffic_data}</var>
<arg>${payload}[${WORK_ITEM_NAME}]</arg>
<doc>Returns the given values which can then be assigned to a variables.</doc>
<msg timestamp="20231031 20:22:57.900" level="INFO">${traffic_data} = {'country': 'NLD', 'year': 2019, 'rate': 3.98313}</msg>
<status status="PASS" starttime="20231031 20:22:57.899" endtime="20231031 20:22:57.900"/>
</kw>
<kw name="Validate traffic data">
<var>${valid}</var>
<arg>${traffic_data}</arg>
<kw name="Get value from JSON" library="RPA.JSON">
<var>${country}</var>
<arg>${traffic_data}</arg>
<arg>$.country</arg>
<doc>Get a single value from a JSON serializable object that matches the given expression.</doc>
<msg timestamp="20231031 20:22:57.904" level="INFO">Get value from JSON with expression: '$.country'</msg>
<msg timestamp="20231031 20:22:57.940" level="INFO">${country} = NLD</msg>
<status status="PASS" starttime="20231031 20:22:57.901" endtime="20231031 20:22:57.940"/>
</kw>
<kw name="Evaluate" library="BuiltIn">
<var>${valid}</var>
<arg>len("${country}") == 3</arg>
<doc>Evaluates the given expression in Python and returns the result.</doc>
<msg timestamp="20231031 20:22:57.942" level="INFO">${valid} = True</msg>
<status status="PASS" starttime="20231031 20:22:57.941" endtime="20231031 20:22:57.942"/>
</kw>
<return>
<value>${valid}</value>
<status status="PASS" starttime="20231031 20:22:57.942" endtime="20231031 20:22:57.943"/>
</return>
<msg timestamp="20231031 20:22:57.943" level="INFO">${valid} = True</msg>
<status status="PASS" starttime="20231031 20:22:57.900" endtime="20231031 20:22:57.943"/>
</kw>
<if>
<branch type="IF" condition="${valid}">
<kw name="Post traffic data to sales system">
<arg>${traffic_data}</arg>
<kw name="Execute Traffic Data Post">
<var>${status}</var>
<var>${return}</var>
<arg>${traffic_data}</arg>
<kw name="Run Keyword And Ignore Error" library="BuiltIn">
<var>${status}</var>
<var>${return}</var>
<arg>POST</arg>
<arg>https://robocorp.com/inhuman-insurance-inc/sales-system-api</arg>
<arg>json=${traffic_data}</arg>
<doc>Runs the given keyword with the given arguments and ignores possible error.</doc>
<kw name="POST" library="RPA.HTTP">
<arg>https://robocorp.com/inhuman-insurance-inc/sales-system-api</arg>
<arg>json=${traffic_data}</arg>
<doc>Sends a POST request.</doc>
<status status="PASS" starttime="20231031 20:22:57.946" endtime="20231031 20:22:58.245"/>
</kw>
<msg timestamp="20231031 20:22:58.247" level="INFO">${status} = PASS</msg>
<msg timestamp="20231031 20:22:58.247" level="INFO">${return} = &lt;Response [200]&gt;</msg>
<status status="PASS" starttime="20231031 20:22:57.945" endtime="20231031 20:22:58.247"/>
</kw>
<return>
<value>${status}</value>
<value>${return}</value>
<status status="PASS" starttime="20231031 20:22:58.248" endtime="20231031 20:22:58.248"/>
</return>
<msg timestamp="20231031 20:22:58.249" level="INFO">${status} = PASS</msg>
<msg timestamp="20231031 20:22:58.249" level="INFO">${return} = &lt;Response [200]&gt;</msg>
<status status="PASS" starttime="20231031 20:22:57.945" endtime="20231031 20:22:58.249"/>
</kw>
<kw name="Handle traffic API response">
<arg>${status}</arg>
<arg>${return}</arg>
<arg>${traffic_data}</arg>
<if>
<branch type="IF" condition="&quot;${status}&quot; == &quot;PASS&quot;">
<kw name="Handle traffic API OK response">
<kw name="Release Input Work Item" library="RPA.Robocorp.WorkItems">
<arg>DONE</arg>
<doc>Release the lastly retrieved input work item and set its state.</doc>
<msg timestamp="20231031 20:22:58.254" level="INFO">Releasing item '6' with COMPLETED state and exception: None</msg>
<status status="PASS" starttime="20231031 20:22:58.252" endtime="20231031 20:22:58.254"/>
</kw>
<status status="PASS" starttime="20231031 20:22:58.251" endtime="20231031 20:22:58.255"/>
</kw>
<status status="PASS" starttime="20231031 20:22:58.251" endtime="20231031 20:22:58.255"/>
</branch>
<branch type="ELSE">
<kw name="Handle traffic API error response">
<arg>${return}</arg>
<arg>${traffic_data}</arg>
<status status="NOT RUN" starttime="20231031 20:22:58.256" endtime="20231031 20:22:58.256"/>
</kw>
<status status="NOT RUN" starttime="20231031 20:22:58.255" endtime="20231031 20:22:58.257"/>
</branch>
<status status="PASS" starttime="20231031 20:22:58.251" endtime="20231031 20:22:58.257"/>
</if>
<status status="PASS" starttime="20231031 20:22:58.250" endtime="20231031 20:22:58.257"/>
</kw>
<status status="PASS" starttime="20231031 20:22:57.944" endtime="20231031 20:22:58.258"/>
</kw>
<status status="PASS" starttime="20231031 20:22:57.943" endtime="20231031 20:22:58.258"/>
</branch>
<branch type="ELSE">
<kw name="Handle invalid traffic data">
<arg>${traffic_data}</arg>
<status status="NOT RUN" starttime="20231031 20:22:58.259" endtime="20231031 20:22:58.259"/>
</kw>
<status status="NOT RUN" starttime="20231031 20:22:58.258" endtime="20231031 20:22:58.260"/>
</branch>
<status status="PASS" starttime="20231031 20:22:57.943" endtime="20231031 20:22:58.260"/>
</if>
<status status="PASS" starttime="20231031 20:22:57.897" endtime="20231031 20:22:58.260"/>
</kw>
<kw name="Process traffic data">
<kw name="Get Work Item Payload" library="RPA.Robocorp.WorkItems">
<var>${payload}</var>
<doc>Get the full JSON payload for a work item.</doc>
<msg timestamp="20231031 20:22:58.262" level="INFO">${payload} = {'traffic_data': {'country': 'MLT', 'year': 2019, 'rate': 4.10715}}</msg>
<status status="PASS" starttime="20231031 20:22:58.261" endtime="20231031 20:22:58.262"/>
</kw>
<kw name="Set Variable" library="BuiltIn">
<var>${traffic_data}</var>
<arg>${payload}[${WORK_ITEM_NAME}]</arg>
<doc>Returns the given values which can then be assigned to a variables.</doc>
<msg timestamp="20231031 20:22:58.263" level="INFO">${traffic_data} = {'country': 'MLT', 'year': 2019, 'rate': 4.10715}</msg>
<status status="PASS" starttime="20231031 20:22:58.263" endtime="20231031 20:22:58.264"/>
</kw>
<kw name="Validate traffic data">
<var>${valid}</var>
<arg>${traffic_data}</arg>
<kw name="Get value from JSON" library="RPA.JSON">
<var>${country}</var>
<arg>${traffic_data}</arg>
<arg>$.country</arg>
<doc>Get a single value from a JSON serializable object that matches the given expression.</doc>
<msg timestamp="20231031 20:22:58.267" level="INFO">Get value from JSON with expression: '$.country'</msg>
<msg timestamp="20231031 20:22:58.297" level="INFO">${country} = MLT</msg>
<status status="PASS" starttime="20231031 20:22:58.265" endtime="20231031 20:22:58.297"/>
</kw>
<kw name="Evaluate" library="BuiltIn">
<var>${valid}</var>
<arg>len("${country}") == 3</arg>
<doc>Evaluates the given expression in Python and returns the result.</doc>
<msg timestamp="20231031 20:22:58.298" level="INFO">${valid} = True</msg>
<status status="PASS" starttime="20231031 20:22:58.297" endtime="20231031 20:22:58.299"/>
</kw>
<return>
<value>${valid}</value>
<status status="PASS" starttime="20231031 20:22:58.299" endtime="20231031 20:22:58.299"/>
</return>
<msg timestamp="20231031 20:22:58.299" level="INFO">${valid} = True</msg>
<status status="PASS" starttime="20231031 20:22:58.264" endtime="20231031 20:22:58.300"/>
</kw>
<if>
<branch type="IF" condition="${valid}">
<kw name="Post traffic data to sales system">
<arg>${traffic_data}</arg>
<kw name="Execute Traffic Data Post">
<var>${status}</var>
<var>${return}</var>
<arg>${traffic_data}</arg>
<kw name="Run Keyword And Ignore Error" library="BuiltIn">
<var>${status}</var>
<var>${return}</var>
<arg>POST</arg>
<arg>https://robocorp.com/inhuman-insurance-inc/sales-system-api</arg>
<arg>json=${traffic_data}</arg>
<doc>Runs the given keyword with the given arguments and ignores possible error.</doc>
<kw name="POST" library="RPA.HTTP">
<arg>https://robocorp.com/inhuman-insurance-inc/sales-system-api</arg>
<arg>json=${traffic_data}</arg>
<doc>Sends a POST request.</doc>
<status status="PASS" starttime="20231031 20:22:58.302" endtime="20231031 20:22:58.605"/>
</kw>
<msg timestamp="20231031 20:22:58.607" level="INFO">${status} = PASS</msg>
<msg timestamp="20231031 20:22:58.607" level="INFO">${return} = &lt;Response [200]&gt;</msg>
<status status="PASS" starttime="20231031 20:22:58.301" endtime="20231031 20:22:58.607"/>
</kw>
<return>
<value>${status}</value>
<value>${return}</value>
<status status="PASS" starttime="20231031 20:22:58.608" endtime="20231031 20:22:58.608"/>
</return>
<msg timestamp="20231031 20:22:58.610" level="INFO">${status} = PASS</msg>
<msg timestamp="20231031 20:22:58.610" level="INFO">${return} = &lt;Response [200]&gt;</msg>
<status status="PASS" starttime="20231031 20:22:58.301" endtime="20231031 20:22:58.610"/>
</kw>
<kw name="Handle traffic API response">
<arg>${status}</arg>
<arg>${return}</arg>
<arg>${traffic_data}</arg>
<if>
<branch type="IF" condition="&quot;${status}&quot; == &quot;PASS&quot;">
<kw name="Handle traffic API OK response">
<kw name="Release Input Work Item" library="RPA.Robocorp.WorkItems">
<arg>DONE</arg>
<doc>Release the lastly retrieved input work item and set its state.</doc>
<msg timestamp="20231031 20:22:58.614" level="INFO">Releasing item '7' with COMPLETED state and exception: None</msg>
<status status="PASS" starttime="20231031 20:22:58.613" endtime="20231031 20:22:58.615"/>
</kw>
<status status="PASS" starttime="20231031 20:22:58.612" endtime="20231031 20:22:58.615"/>
</kw>
<status status="PASS" starttime="20231031 20:22:58.612" endtime="20231031 20:22:58.615"/>
</branch>
<branch type="ELSE">
<kw name="Handle traffic API error response">
<arg>${return}</arg>
<arg>${traffic_data}</arg>
<status status="NOT RUN" starttime="20231031 20:22:58.616" endtime="20231031 20:22:58.616"/>
</kw>
<status status="NOT RUN" starttime="20231031 20:22:58.616" endtime="20231031 20:22:58.616"/>
</branch>
<status status="PASS" starttime="20231031 20:22:58.612" endtime="20231031 20:22:58.617"/>
</if>
<status status="PASS" starttime="20231031 20:22:58.611" endtime="20231031 20:22:58.617"/>
</kw>
<status status="PASS" starttime="20231031 20:22:58.300" endtime="20231031 20:22:58.618"/>
</kw>
<status status="PASS" starttime="20231031 20:22:58.300" endtime="20231031 20:22:58.618"/>
</branch>
<branch type="ELSE">
<kw name="Handle invalid traffic data">
<arg>${traffic_data}</arg>
<status status="NOT RUN" starttime="20231031 20:22:58.619" endtime="20231031 20:22:58.619"/>
</kw>
<status status="NOT RUN" starttime="20231031 20:22:58.618" endtime="20231031 20:22:58.620"/>
</branch>
<status status="PASS" starttime="20231031 20:22:58.300" endtime="20231031 20:22:58.620"/>
</if>
<status status="PASS" starttime="20231031 20:22:58.260" endtime="20231031 20:22:58.620"/>
</kw>
<kw name="Process traffic data">
<kw name="Get Work Item Payload" library="RPA.Robocorp.WorkItems">
<var>${payload}</var>
<doc>Get the full JSON payload for a work item.</doc>
<msg timestamp="20231031 20:22:58.623" level="INFO">${payload} = {'traffic_data': {'country': 'MDV', 'year': 2019, 'rate': 1.6277}}</msg>
<status status="PASS" starttime="20231031 20:22:58.622" endtime="20231031 20:22:58.623"/>
</kw>
<kw name="Set Variable" library="BuiltIn">
<var>${traffic_data}</var>
<arg>${payload}[${WORK_ITEM_NAME}]</arg>
<doc>Returns the given values which can then be assigned to a variables.</doc>
<msg timestamp="20231031 20:22:58.625" level="INFO">${traffic_data} = {'country': 'MDV', 'year': 2019, 'rate': 1.6277}</msg>
<status status="PASS" starttime="20231031 20:22:58.624" endtime="20231031 20:22:58.625"/>
</kw>
<kw name="Validate traffic data">
<var>${valid}</var>
<arg>${traffic_data}</arg>
<kw name="Get value from JSON" library="RPA.JSON">
<var>${country}</var>
<arg>${traffic_data}</arg>
<arg>$.country</arg>
<doc>Get a single value from a JSON serializable object that matches the given expression.</doc>
<msg timestamp="20231031 20:22:58.630" level="INFO">Get value from JSON with expression: '$.country'</msg>
<msg timestamp="20231031 20:22:58.666" level="INFO">${country} = MDV</msg>
<status status="PASS" starttime="20231031 20:22:58.627" endtime="20231031 20:22:58.666"/>
</kw>
<kw name="Evaluate" library="BuiltIn">
<var>${valid}</var>
<arg>len("${country}") == 3</arg>
<doc>Evaluates the given expression in Python and returns the result.</doc>
<msg timestamp="20231031 20:22:58.667" level="INFO">${valid} = True</msg>
<status status="PASS" starttime="20231031 20:22:58.666" endtime="20231031 20:22:58.667"/>
</kw>
<return>
<value>${valid}</value>
<status status="PASS" starttime="20231031 20:22:58.668" endtime="20231031 20:22:58.668"/>
</return>
<msg timestamp="20231031 20:22:58.668" level="INFO">${valid} = True</msg>
<status status="PASS" starttime="20231031 20:22:58.626" endtime="20231031 20:22:58.668"/>
</kw>
<if>
<branch type="IF" condition="${valid}">
<kw name="Post traffic data to sales system">
<arg>${traffic_data}</arg>
<kw name="Execute Traffic Data Post">
<var>${status}</var>
<var>${return}</var>
<arg>${traffic_data}</arg>
<kw name="Run Keyword And Ignore Error" library="BuiltIn">
<var>${status}</var>
<var>${return}</var>
<arg>POST</arg>
<arg>https://robocorp.com/inhuman-insurance-inc/sales-system-api</arg>
<arg>json=${traffic_data}</arg>
<doc>Runs the given keyword with the given arguments and ignores possible error.</doc>
<kw name="POST" library="RPA.HTTP">
<arg>https://robocorp.com/inhuman-insurance-inc/sales-system-api</arg>
<arg>json=${traffic_data}</arg>
<doc>Sends a POST request.</doc>
<msg timestamp="20231031 20:22:58.968" level="FAIL">HTTPError: 500 Server Error: Internal Server Error for url: https://robocorp.com/inhuman-insurance-inc/sales-system-api</msg>
<status status="FAIL" starttime="20231031 20:22:58.671" endtime="20231031 20:22:58.968"/>
</kw>
<msg timestamp="20231031 20:22:58.969" level="INFO">${status} = FAIL</msg>
<msg timestamp="20231031 20:22:58.970" level="INFO">${return} = HTTPError: 500 Server Error: Internal Server Error for url: https://robocorp.com/inhuman-insurance-inc/sales-system-api</msg>
<status status="PASS" starttime="20231031 20:22:58.670" endtime="20231031 20:22:58.970"/>
</kw>
<return>
<value>${status}</value>
<value>${return}</value>
<status status="PASS" starttime="20231031 20:22:58.971" endtime="20231031 20:22:58.971"/>
</return>
<msg timestamp="20231031 20:22:58.972" level="INFO">${status} = FAIL</msg>
<msg timestamp="20231031 20:22:58.972" level="INFO">${return} = HTTPError: 500 Server Error: Internal Server Error for url: https://robocorp.com/inhuman-insurance-inc/sales-system-api</msg>
<status status="PASS" starttime="20231031 20:22:58.670" endtime="20231031 20:22:58.973"/>
</kw>
<kw name="Handle traffic API response">
<arg>${status}</arg>
<arg>${return}</arg>
<arg>${traffic_data}</arg>
<if>
<branch type="IF" condition="&quot;${status}&quot; == &quot;PASS&quot;">
<kw name="Handle traffic API OK response">
<status status="NOT RUN" starttime="20231031 20:22:58.975" endtime="20231031 20:22:58.976"/>
</kw>
<status status="NOT RUN" starttime="20231031 20:22:58.974" endtime="20231031 20:22:58.976"/>
</branch>
<branch type="ELSE">
<kw name="Handle traffic API error response">
<arg>${return}</arg>
<arg>${traffic_data}</arg>
<kw name="Retry On Application Error">
<var>${status}</var>
<var>${return}</var>
<arg>${traffic_data}</arg>
<kw name="Set Variable" library="BuiltIn">
<var>${retry_count}</var>
<arg>7</arg>
<doc>Returns the given values which can then be assigned to a variables.</doc>
<msg timestamp="20231031 20:22:58.981" level="INFO">${retry_count} = 7</msg>
<status status="PASS" starttime="20231031 20:22:58.980" endtime="20231031 20:22:58.981"/>
</kw>
<for flavor="IN RANGE">
<var>${i}</var>
<value>${retry_count}</value>
<iter>
<var name="${i}">0</var>
<kw name="Execute Traffic Data Post">
<var>${status}</var>
<var>${return}</var>
<arg>${traffic_data}</arg>
<kw name="Run Keyword And Ignore Error" library="BuiltIn">
<var>${status}</var>
<var>${return}</var>
<arg>POST</arg>
<arg>https://robocorp.com/inhuman-insurance-inc/sales-system-api</arg>
<arg>json=${traffic_data}</arg>
<doc>Runs the given keyword with the given arguments and ignores possible error.</doc>
<kw name="POST" library="RPA.HTTP">
<arg>https://robocorp.com/inhuman-insurance-inc/sales-system-api</arg>
<arg>json=${traffic_data}</arg>
<doc>Sends a POST request.</doc>
<status status="PASS" starttime="20231031 20:22:58.985" endtime="20231031 20:22:59.245"/>
</kw>
<msg timestamp="20231031 20:22:59.246" level="INFO">${status} = PASS</msg>
<msg timestamp="20231031 20:22:59.246" level="INFO">${return} = &lt;Response [200]&gt;</msg>
<status status="PASS" starttime="20231031 20:22:58.984" endtime="20231031 20:22:59.246"/>
</kw>
<return>
<value>${status}</value>
<value>${return}</value>
<status status="PASS" starttime="20231031 20:22:59.247" endtime="20231031 20:22:59.248"/>
</return>
<msg timestamp="20231031 20:22:59.249" level="INFO">${status} = PASS</msg>
<msg timestamp="20231031 20:22:59.249" level="INFO">${return} = &lt;Response [200]&gt;</msg>
<status status="PASS" starttime="20231031 20:22:58.983" endtime="20231031 20:22:59.249"/>
</kw>
<if>
<branch type="IF" condition="'${status}' == 'PASS'">
<kw name="Log" library="BuiltIn">
<arg>Reprocessed successfully after ${i+1} attempts: ${traffic_data}</arg>
<doc>Logs the given message with the given level.</doc>
<msg timestamp="20231031 20:22:59.252" level="INFO">Reprocessed successfully after 1 attempts: {'country': 'MDV', 'year': 2019, 'rate': 1.6277}</msg>
<status status="PASS" starttime="20231031 20:22:59.250" endtime="20231031 20:22:59.252"/>
</kw>
<break>
<status status="PASS" starttime="20231031 20:22:59.252" endtime="20231031 20:22:59.253"/>
</break>
<status status="PASS" starttime="20231031 20:22:59.250" endtime="20231031 20:22:59.253"/>
</branch>
<status status="PASS" starttime="20231031 20:22:59.250" endtime="20231031 20:22:59.254"/>
</if>
<status status="PASS" starttime="20231031 20:22:58.982" endtime="20231031 20:22:59.254"/>
</iter>
<status status="PASS" starttime="20231031 20:22:58.982" endtime="20231031 20:22:59.254"/>
</for>
<return>
<value>${status}</value>
<value>${return}</value>
<status status="PASS" starttime="20231031 20:22:59.254" endtime="20231031 20:22:59.255"/>
</return>
<msg timestamp="20231031 20:22:59.255" level="INFO">${status} = PASS</msg>
<msg timestamp="20231031 20:22:59.256" level="INFO">${return} = &lt;Response [200]&gt;</msg>
<status status="PASS" starttime="20231031 20:22:58.978" endtime="20231031 20:22:59.256"/>
</kw>
<if>
<branch type="IF" condition="'${status}' == 'FAIL'">
<kw name="Log" library="BuiltIn">
<arg>Traffic data posting failed: ${traffic_data} ${return}</arg>
<arg>ERROR</arg>
<doc>Logs the given message with the given level.</doc>
<status status="NOT RUN" starttime="20231031 20:22:59.258" endtime="20231031 20:22:59.258"/>
</kw>
<kw name="Release Input Work Item" library="RPA.Robocorp.WorkItems">
<arg>state=FAILED</arg>
<arg>exception_type=APPLICATION</arg>
<arg>code=TRAFFIC_DATA_POST_FAILED</arg>
<arg>message=${return}</arg>
<doc>Release the lastly retrieved input work item and set its state.</doc>
<status status="NOT RUN" starttime="20231031 20:22:59.259" endtime="20231031 20:22:59.259"/>
</kw>
<status status="NOT RUN" starttime="20231031 20:22:59.257" endtime="20231031 20:22:59.259"/>
</branch>
<status status="PASS" starttime="20231031 20:22:59.257" endtime="20231031 20:22:59.260"/>
</if>
<status status="PASS" starttime="20231031 20:22:58.977" endtime="20231031 20:22:59.260"/>
</kw>
<status status="PASS" starttime="20231031 20:22:58.977" endtime="20231031 20:22:59.260"/>
</branch>
<status status="PASS" starttime="20231031 20:22:58.974" endtime="20231031 20:22:59.261"/>
</if>
<status status="PASS" starttime="20231031 20:22:58.973" endtime="20231031 20:22:59.261"/>
</kw>
<status status="PASS" starttime="20231031 20:22:58.669" endtime="20231031 20:22:59.261"/>
</kw>
<status status="PASS" starttime="20231031 20:22:58.669" endtime="20231031 20:22:59.261"/>
</branch>
<branch type="ELSE">
<kw name="Handle invalid traffic data">
<arg>${traffic_data}</arg>
<status status="NOT RUN" starttime="20231031 20:22:59.262" endtime="20231031 20:22:59.263"/>
</kw>
<status status="NOT RUN" starttime="20231031 20:22:59.262" endtime="20231031 20:22:59.263"/>
</branch>
<status status="PASS" starttime="20231031 20:22:58.668" endtime="20231031 20:22:59.263"/>
</if>
<status status="PASS" starttime="20231031 20:22:58.621" endtime="20231031 20:22:59.264"/>
</kw>
<msg timestamp="20231031 20:22:59.265" level="INFO">Releasing item '8' with COMPLETED state and exception: None</msg>
<kw name="Process traffic data">
<kw name="Get Work Item Payload" library="RPA.Robocorp.WorkItems">
<var>${payload}</var>
<doc>Get the full JSON payload for a work item.</doc>
<msg timestamp="20231031 20:22:59.268" level="INFO">${payload} = {'traffic_data': {'country': 'LUX', 'year': 2019, 'rate': 4.07499}}</msg>
<status status="PASS" starttime="20231031 20:22:59.267" endtime="20231031 20:22:59.268"/>
</kw>
<kw name="Set Variable" library="BuiltIn">
<var>${traffic_data}</var>
<arg>${payload}[${WORK_ITEM_NAME}]</arg>
<doc>Returns the given values which can then be assigned to a variables.</doc>
<msg timestamp="20231031 20:22:59.270" level="INFO">${traffic_data} = {'country': 'LUX', 'year': 2019, 'rate': 4.07499}</msg>
<status status="PASS" starttime="20231031 20:22:59.268" endtime="20231031 20:22:59.270"/>
</kw>
<kw name="Validate traffic data">
<var>${valid}</var>
<arg>${traffic_data}</arg>
<kw name="Get value from JSON" library="RPA.JSON">
<var>${country}</var>
<arg>${traffic_data}</arg>
<arg>$.country</arg>
<doc>Get a single value from a JSON serializable object that matches the given expression.</doc>
<msg timestamp="20231031 20:22:59.275" level="INFO">Get value from JSON with expression: '$.country'</msg>
<msg timestamp="20231031 20:22:59.341" level="INFO">${country} = LUX</msg>
<status status="PASS" starttime="20231031 20:22:59.272" endtime="20231031 20:22:59.342"/>
</kw>
<kw name="Evaluate" library="BuiltIn">
<var>${valid}</var>
<arg>len("${country}") == 3</arg>
<doc>Evaluates the given expression in Python and returns the result.</doc>
<msg timestamp="20231031 20:22:59.344" level="INFO">${valid} = True</msg>
<status status="PASS" starttime="20231031 20:22:59.343" endtime="20231031 20:22:59.344"/>
</kw>
<return>
<value>${valid}</value>
<status status="PASS" starttime="20231031 20:22:59.345" endtime="20231031 20:22:59.345"/>
</return>
<msg timestamp="20231031 20:22:59.346" level="INFO">${valid} = True</msg>
<status status="PASS" starttime="20231031 20:22:59.271" endtime="20231031 20:22:59.346"/>
</kw>
<if>
<branch type="IF" condition="${valid}">
<kw name="Post traffic data to sales system">
<arg>${traffic_data}</arg>
<kw name="Execute Traffic Data Post">
<var>${status}</var>
<var>${return}</var>
<arg>${traffic_data}</arg>
<kw name="Run Keyword And Ignore Error" library="BuiltIn">
<var>${status}</var>
<var>${return}</var>
<arg>POST</arg>
<arg>https://robocorp.com/inhuman-insurance-inc/sales-system-api</arg>
<arg>json=${traffic_data}</arg>
<doc>Runs the given keyword with the given arguments and ignores possible error.</doc>
<kw name="POST" library="RPA.HTTP">
<arg>https://robocorp.com/inhuman-insurance-inc/sales-system-api</arg>
<arg>json=${traffic_data}</arg>
<doc>Sends a POST request.</doc>
<status status="PASS" starttime="20231031 20:22:59.357" endtime="20231031 20:22:59.606"/>
</kw>
<msg timestamp="20231031 20:22:59.606" level="INFO">${status} = PASS</msg>
<msg timestamp="20231031 20:22:59.606" level="INFO">${return} = &lt;Response [200]&gt;</msg>
<status status="PASS" starttime="20231031 20:22:59.356" endtime="20231031 20:22:59.606"/>
</kw>
<return>
<value>${status}</value>
<value>${return}</value>
<status status="PASS" starttime="20231031 20:22:59.607" endtime="20231031 20:22:59.607"/>
</return>
<msg timestamp="20231031 20:22:59.608" level="INFO">${status} = PASS</msg>
<msg timestamp="20231031 20:22:59.609" level="INFO">${return} = &lt;Response [200]&gt;</msg>
<status status="PASS" starttime="20231031 20:22:59.355" endtime="20231031 20:22:59.609"/>
</kw>
<kw name="Handle traffic API response">
<arg>${status}</arg>
<arg>${return}</arg>
<arg>${traffic_data}</arg>
<if>
<branch type="IF" condition="&quot;${status}&quot; == &quot;PASS&quot;">
<kw name="Handle traffic API OK response">
<kw name="Release Input Work Item" library="RPA.Robocorp.WorkItems">
<arg>DONE</arg>
<doc>Release the lastly retrieved input work item and set its state.</doc>
<msg timestamp="20231031 20:22:59.613" level="INFO">Releasing item '9' with COMPLETED state and exception: None</msg>
<status status="PASS" starttime="20231031 20:22:59.611" endtime="20231031 20:22:59.613"/>
</kw>
<status status="PASS" starttime="20231031 20:22:59.611" endtime="20231031 20:22:59.613"/>
</kw>
<status status="PASS" starttime="20231031 20:22:59.610" endtime="20231031 20:22:59.614"/>
</branch>
<branch type="ELSE">
<kw name="Handle traffic API error response">
<arg>${return}</arg>
<arg>${traffic_data}</arg>
<status status="NOT RUN" starttime="20231031 20:22:59.614" endtime="20231031 20:22:59.614"/>
</kw>
<status status="NOT RUN" starttime="20231031 20:22:59.614" endtime="20231031 20:22:59.615"/>
</branch>
<status status="PASS" starttime="20231031 20:22:59.610" endtime="20231031 20:22:59.615"/>
</if>
<status status="PASS" starttime="20231031 20:22:59.609" endtime="20231031 20:22:59.615"/>
</kw>
<status status="PASS" starttime="20231031 20:22:59.354" endtime="20231031 20:22:59.615"/>
</kw>
<status status="PASS" starttime="20231031 20:22:59.353" endtime="20231031 20:22:59.615"/>
</branch>
<branch type="ELSE">
<kw name="Handle invalid traffic data">
<arg>${traffic_data}</arg>
<status status="NOT RUN" starttime="20231031 20:22:59.616" endtime="20231031 20:22:59.616"/>
</kw>
<status status="NOT RUN" starttime="20231031 20:22:59.616" endtime="20231031 20:22:59.616"/>
</branch>
<status status="PASS" starttime="20231031 20:22:59.353" endtime="20231031 20:22:59.617"/>
</if>
<status status="PASS" starttime="20231031 20:22:59.266" endtime="20231031 20:22:59.617"/>
</kw>
<kw name="Process traffic data">
<kw name="Get Work Item Payload" library="RPA.Robocorp.WorkItems">
<var>${payload}</var>
<doc>Get the full JSON payload for a work item.</doc>
<msg timestamp="20231031 20:22:59.619" level="INFO">${payload} = {'traffic_data': {'country': 'LCA', 'year': 2008, 'rate': 3.52918}}</msg>
<status status="PASS" starttime="20231031 20:22:59.618" endtime="20231031 20:22:59.619"/>
</kw>
<kw name="Set Variable" library="BuiltIn">
<var>${traffic_data}</var>
<arg>${payload}[${WORK_ITEM_NAME}]</arg>
<doc>Returns the given values which can then be assigned to a variables.</doc>
<msg timestamp="20231031 20:22:59.620" level="INFO">${traffic_data} = {'country': 'LCA', 'year': 2008, 'rate': 3.52918}</msg>
<status status="PASS" starttime="20231031 20:22:59.619" endtime="20231031 20:22:59.620"/>
</kw>
<kw name="Validate traffic data">
<var>${valid}</var>
<arg>${traffic_data}</arg>
<kw name="Get value from JSON" library="RPA.JSON">
<var>${country}</var>
<arg>${traffic_data}</arg>
<arg>$.country</arg>
<doc>Get a single value from a JSON serializable object that matches the given expression.</doc>
<msg timestamp="20231031 20:22:59.625" level="INFO">Get value from JSON with expression: '$.country'</msg>
<msg timestamp="20231031 20:22:59.650" level="INFO">${country} = LCA</msg>
<status status="PASS" starttime="20231031 20:22:59.621" endtime="20231031 20:22:59.651"/>
</kw>
<kw name="Evaluate" library="BuiltIn">
<var>${valid}</var>
<arg>len("${country}") == 3</arg>
<doc>Evaluates the given expression in Python and returns the result.</doc>
<msg timestamp="20231031 20:22:59.652" level="INFO">${valid} = True</msg>
<status status="PASS" starttime="20231031 20:22:59.651" endtime="20231031 20:22:59.652"/>
</kw>
<return>
<value>${valid}</value>
<status status="PASS" starttime="20231031 20:22:59.652" endtime="20231031 20:22:59.652"/>
</return>
<msg timestamp="20231031 20:22:59.652" level="INFO">${valid} = True</msg>
<status status="PASS" starttime="20231031 20:22:59.620" endtime="20231031 20:22:59.653"/>
</kw>
<if>
<branch type="IF" condition="${valid}">
<kw name="Post traffic data to sales system">
<arg>${traffic_data}</arg>
<kw name="Execute Traffic Data Post">
<var>${status}</var>
<var>${return}</var>
<arg>${traffic_data}</arg>
<kw name="Run Keyword And Ignore Error" library="BuiltIn">
<var>${status}</var>
<var>${return}</var>
<arg>POST</arg>
<arg>https://robocorp.com/inhuman-insurance-inc/sales-system-api</arg>
<arg>json=${traffic_data}</arg>
<doc>Runs the given keyword with the given arguments and ignores possible error.</doc>
<kw name="POST" library="RPA.HTTP">
<arg>https://robocorp.com/inhuman-insurance-inc/sales-system-api</arg>
<arg>json=${traffic_data}</arg>
<doc>Sends a POST request.</doc>
<status status="PASS" starttime="20231031 20:22:59.654" endtime="20231031 20:22:59.959"/>
</kw>
<msg timestamp="20231031 20:22:59.959" level="INFO">${status} = PASS</msg>
<msg timestamp="20231031 20:22:59.960" level="INFO">${return} = &lt;Response [200]&gt;</msg>
<status status="PASS" starttime="20231031 20:22:59.654" endtime="20231031 20:22:59.960"/>
</kw>
<return>
<value>${status}</value>
<value>${return}</value>
<status status="PASS" starttime="20231031 20:22:59.960" endtime="20231031 20:22:59.961"/>
</return>
<msg timestamp="20231031 20:22:59.962" level="INFO">${status} = PASS</msg>
<msg timestamp="20231031 20:22:59.962" level="INFO">${return} = &lt;Response [200]&gt;</msg>
<status status="PASS" starttime="20231031 20:22:59.653" endtime="20231031 20:22:59.962"/>
</kw>
<kw name="Handle traffic API response">
<arg>${status}</arg>
<arg>${return}</arg>
<arg>${traffic_data}</arg>
<if>
<branch type="IF" condition="&quot;${status}&quot; == &quot;PASS&quot;">
<kw name="Handle traffic API OK response">
<kw name="Release Input Work Item" library="RPA.Robocorp.WorkItems">
<arg>DONE</arg>
<doc>Release the lastly retrieved input work item and set its state.</doc>
<msg timestamp="20231031 20:22:59.966" level="INFO">Releasing item '10' with COMPLETED state and exception: None</msg>
<status status="PASS" starttime="20231031 20:22:59.965" endtime="20231031 20:22:59.967"/>
</kw>
<status status="PASS" starttime="20231031 20:22:59.964" endtime="20231031 20:22:59.967"/>
</kw>
<status status="PASS" starttime="20231031 20:22:59.963" endtime="20231031 20:22:59.967"/>
</branch>
<branch type="ELSE">
<kw name="Handle traffic API error response">
<arg>${return}</arg>
<arg>${traffic_data}</arg>
<status status="NOT RUN" starttime="20231031 20:22:59.968" endtime="20231031 20:22:59.968"/>
</kw>
<status status="NOT RUN" starttime="20231031 20:22:59.968" endtime="20231031 20:22:59.968"/>
</branch>
<status status="PASS" starttime="20231031 20:22:59.963" endtime="20231031 20:22:59.969"/>
</if>
<status status="PASS" starttime="20231031 20:22:59.962" endtime="20231031 20:22:59.969"/>
</kw>
<status status="PASS" starttime="20231031 20:22:59.653" endtime="20231031 20:22:59.969"/>
</kw>
<status status="PASS" starttime="20231031 20:22:59.653" endtime="20231031 20:22:59.969"/>
</branch>
<branch type="ELSE">
<kw name="Handle invalid traffic data">
<arg>${traffic_data}</arg>
<status status="NOT RUN" starttime="20231031 20:22:59.970" endtime="20231031 20:22:59.971"/>
</kw>
<status status="NOT RUN" starttime="20231031 20:22:59.970" endtime="20231031 20:22:59.971"/>
</branch>
<status status="PASS" starttime="20231031 20:22:59.653" endtime="20231031 20:22:59.971"/>
</if>
<status status="PASS" starttime="20231031 20:22:59.617" endtime="20231031 20:22:59.971"/>
</kw>
<kw name="Process traffic data">
<kw name="Get Work Item Payload" library="RPA.Robocorp.WorkItems">
<var>${payload}</var>
<doc>Get the full JSON payload for a work item.</doc>
<msg timestamp="20231031 20:22:59.973" level="INFO">${payload} = {'traffic_data': {'country': 'KIR', 'year': 2019, 'rate': 1.92481}}</msg>
<status status="PASS" starttime="20231031 20:22:59.973" endtime="20231031 20:22:59.974"/>
</kw>
<kw name="Set Variable" library="BuiltIn">
<var>${traffic_data}</var>
<arg>${payload}[${WORK_ITEM_NAME}]</arg>
<doc>Returns the given values which can then be assigned to a variables.</doc>
<msg timestamp="20231031 20:22:59.975" level="INFO">${traffic_data} = {'country': 'KIR', 'year': 2019, 'rate': 1.92481}</msg>
<status status="PASS" starttime="20231031 20:22:59.974" endtime="20231031 20:22:59.975"/>
</kw>
<kw name="Validate traffic data">
<var>${valid}</var>
<arg>${traffic_data}</arg>
<kw name="Get value from JSON" library="RPA.JSON">
<var>${country}</var>
<arg>${traffic_data}</arg>
<arg>$.country</arg>
<doc>Get a single value from a JSON serializable object that matches the given expression.</doc>
<msg timestamp="20231031 20:22:59.978" level="INFO">Get value from JSON with expression: '$.country'</msg>
<msg timestamp="20231031 20:23:00.014" level="INFO">${country} = KIR</msg>
<status status="PASS" starttime="20231031 20:22:59.976" endtime="20231031 20:23:00.015"/>
</kw>
<kw name="Evaluate" library="BuiltIn">
<var>${valid}</var>
<arg>len("${country}") == 3</arg>
<doc>Evaluates the given expression in Python and returns the result.</doc>
<msg timestamp="20231031 20:23:00.017" level="INFO">${valid} = True</msg>
<status status="PASS" starttime="20231031 20:23:00.015" endtime="20231031 20:23:00.017"/>
</kw>
[...]
</kw>
<status status="NOT RUN" starttime="20231031 20:23:08.264" endtime="20231031 20:23:08.266"/>
</branch>
<status status="PASS" starttime="20231031 20:23:08.264" endtime="20231031 20:23:08.266"/>
</if>
<status status="PASS" starttime="20231031 20:23:07.993" endtime="20231031 20:23:08.267"/>
</kw>
<status status="PASS" starttime="20231031 20:23:07.993" endtime="20231031 20:23:08.267"/>
</branch>
<status status="PASS" starttime="20231031 20:23:07.991" endtime="20231031 20:23:08.267"/>
</if>
<status status="PASS" starttime="20231031 20:23:07.990" endtime="20231031 20:23:08.268"/>
</kw>
<status status="PASS" starttime="20231031 20:23:07.688" endtime="20231031 20:23:08.268"/>
</kw>
<status status="PASS" starttime="20231031 20:23:07.687" endtime="20231031 20:23:08.269"/>
</branch>
<branch type="ELSE">
<kw name="Handle invalid traffic data">
<arg>${traffic_data}</arg>
<status status="NOT RUN" starttime="20231031 20:23:08.270" endtime="20231031 20:23:08.270"/>
</kw>
<status status="NOT RUN" starttime="20231031 20:23:08.269" endtime="20231031 20:23:08.271"/>
</branch>
<status status="PASS" starttime="20231031 20:23:07.687" endtime="20231031 20:23:08.271"/>
</if>
<status status="PASS" starttime="20231031 20:23:07.640" endtime="20231031 20:23:08.271"/>
</kw>
<msg timestamp="20231031 20:23:08.271" level="INFO">Releasing item '27' with COMPLETED state and exception: None</msg>
<kw name="Process traffic data">
<kw name="Get Work Item Payload" library="RPA.Robocorp.WorkItems">
<var>${payload}</var>
<doc>Get the full JSON payload for a work item.</doc>
<msg timestamp="20231031 20:23:08.273" level="INFO">${payload} = {'traffic_data': {'country': 'AUS', 'year': 2019, 'rate': 4.93914}}</msg>
<status status="PASS" starttime="20231031 20:23:08.273" endtime="20231031 20:23:08.274"/>
</kw>
<kw name="Set Variable" library="BuiltIn">
<var>${traffic_data}</var>
<arg>${payload}[${WORK_ITEM_NAME}]</arg>
<doc>Returns the given values which can then be assigned to a variables.</doc>
<msg timestamp="20231031 20:23:08.275" level="INFO">${traffic_data} = {'country': 'AUS', 'year': 2019, 'rate': 4.93914}</msg>
<status status="PASS" starttime="20231031 20:23:08.274" endtime="20231031 20:23:08.275"/>
</kw>
<kw name="Validate traffic data">
<var>${valid}</var>
<arg>${traffic_data}</arg>
<kw name="Get value from JSON" library="RPA.JSON">
<var>${country}</var>
<arg>${traffic_data}</arg>
<arg>$.country</arg>
<doc>Get a single value from a JSON serializable object that matches the given expression.</doc>
<msg timestamp="20231031 20:23:08.278" level="INFO">Get value from JSON with expression: '$.country'</msg>
<msg timestamp="20231031 20:23:08.310" level="INFO">${country} = AUS</msg>
<status status="PASS" starttime="20231031 20:23:08.276" endtime="20231031 20:23:08.311"/>
</kw>
<kw name="Evaluate" library="BuiltIn">
<var>${valid}</var>
<arg>len("${country}") == 3</arg>
<doc>Evaluates the given expression in Python and returns the result.</doc>
<msg timestamp="20231031 20:23:08.312" level="INFO">${valid} = True</msg>
<status status="PASS" starttime="20231031 20:23:08.311" endtime="20231031 20:23:08.312"/>
</kw>
<return>
<value>${valid}</value>
<status status="PASS" starttime="20231031 20:23:08.312" endtime="20231031 20:23:08.312"/>
</return>
<msg timestamp="20231031 20:23:08.312" level="INFO">${valid} = True</msg>
<status status="PASS" starttime="20231031 20:23:08.275" endtime="20231031 20:23:08.313"/>
</kw>
<if>
<branch type="IF" condition="${valid}">
<kw name="Post traffic data to sales system">
<arg>${traffic_data}</arg>
<kw name="Execute Traffic Data Post">
<var>${status}</var>
<var>${return}</var>
<arg>${traffic_data}</arg>
<kw name="Run Keyword And Ignore Error" library="BuiltIn">
<var>${status}</var>
<var>${return}</var>
<arg>POST</arg>
<arg>https://robocorp.com/inhuman-insurance-inc/sales-system-api</arg>
<arg>json=${traffic_data}</arg>
<doc>Runs the given keyword with the given arguments and ignores possible error.</doc>
<kw name="POST" library="RPA.HTTP">
<arg>https://robocorp.com/inhuman-insurance-inc/sales-system-api</arg>
<arg>json=${traffic_data}</arg>
<doc>Sends a POST request.</doc>
<status status="PASS" starttime="20231031 20:23:08.314" endtime="20231031 20:23:08.611"/>
</kw>
<msg timestamp="20231031 20:23:08.612" level="INFO">${status} = PASS</msg>
<msg timestamp="20231031 20:23:08.612" level="INFO">${return} = &lt;Response [200]&gt;</msg>
<status status="PASS" starttime="20231031 20:23:08.314" endtime="20231031 20:23:08.612"/>
</kw>
<return>
<value>${status}</value>
<value>${return}</value>
<status status="PASS" starttime="20231031 20:23:08.613" endtime="20231031 20:23:08.613"/>
</return>
<msg timestamp="20231031 20:23:08.614" level="INFO">${status} = PASS</msg>
<msg timestamp="20231031 20:23:08.614" level="INFO">${return} = &lt;Response [200]&gt;</msg>
<status status="PASS" starttime="20231031 20:23:08.313" endtime="20231031 20:23:08.614"/>
</kw>
<kw name="Handle traffic API response">
<arg>${status}</arg>
<arg>${return}</arg>
<arg>${traffic_data}</arg>
<if>
<branch type="IF" condition="&quot;${status}&quot; == &quot;PASS&quot;">
<kw name="Handle traffic API OK response">
<kw name="Release Input Work Item" library="RPA.Robocorp.WorkItems">
<arg>DONE</arg>
<doc>Release the lastly retrieved input work item and set its state.</doc>
<msg timestamp="20231031 20:23:08.620" level="INFO">Releasing item '28' with COMPLETED state and exception: None</msg>
<status status="PASS" starttime="20231031 20:23:08.618" endtime="20231031 20:23:08.621"/>
</kw>
<status status="PASS" starttime="20231031 20:23:08.617" endtime="20231031 20:23:08.622"/>
</kw>
<status status="PASS" starttime="20231031 20:23:08.616" endtime="20231031 20:23:08.622"/>
</branch>
<branch type="ELSE">
<kw name="Handle traffic API error response">
<arg>${return}</arg>
<arg>${traffic_data}</arg>
<status status="NOT RUN" starttime="20231031 20:23:08.623" endtime="20231031 20:23:08.623"/>
</kw>
<status status="NOT RUN" starttime="20231031 20:23:08.622" endtime="20231031 20:23:08.623"/>
</branch>
<status status="PASS" starttime="20231031 20:23:08.616" endtime="20231031 20:23:08.623"/>
</if>
<status status="PASS" starttime="20231031 20:23:08.615" endtime="20231031 20:23:08.623"/>
</kw>
<status status="PASS" starttime="20231031 20:23:08.313" endtime="20231031 20:23:08.625"/>
</kw>
<status status="PASS" starttime="20231031 20:23:08.313" endtime="20231031 20:23:08.626"/>
</branch>
<branch type="ELSE">
<kw name="Handle invalid traffic data">
<arg>${traffic_data}</arg>
<status status="NOT RUN" starttime="20231031 20:23:08.627" endtime="20231031 20:23:08.627"/>
</kw>
<status status="NOT RUN" starttime="20231031 20:23:08.626" endtime="20231031 20:23:08.627"/>
</branch>
<status status="PASS" starttime="20231031 20:23:08.313" endtime="20231031 20:23:08.628"/>
</if>
<status status="PASS" starttime="20231031 20:23:08.272" endtime="20231031 20:23:08.628"/>
</kw>
<kw name="Process traffic data">
<kw name="Get Work Item Payload" library="RPA.Robocorp.WorkItems">
<var>${payload}</var>
<doc>Get the full JSON payload for a work item.</doc>
<msg timestamp="20231031 20:23:08.631" level="INFO">${payload} = {'traffic_data': {'country': 'ATG', 'year': 2019, 'rate': 0.0}}</msg>
<status status="PASS" starttime="20231031 20:23:08.630" endtime="20231031 20:23:08.631"/>
</kw>
<kw name="Set Variable" library="BuiltIn">
<var>${traffic_data}</var>
<arg>${payload}[${WORK_ITEM_NAME}]</arg>
<doc>Returns the given values which can then be assigned to a variables.</doc>
<msg timestamp="20231031 20:23:08.633" level="INFO">${traffic_data} = {'country': 'ATG', 'year': 2019, 'rate': 0.0}</msg>
<status status="PASS" starttime="20231031 20:23:08.632" endtime="20231031 20:23:08.633"/>
</kw>
<kw name="Validate traffic data">
<var>${valid}</var>
<arg>${traffic_data}</arg>
<kw name="Get value from JSON" library="RPA.JSON">
<var>${country}</var>
<arg>${traffic_data}</arg>
<arg>$.country</arg>
<doc>Get a single value from a JSON serializable object that matches the given expression.</doc>
<msg timestamp="20231031 20:23:08.636" level="INFO">Get value from JSON with expression: '$.country'</msg>
<msg timestamp="20231031 20:23:08.657" level="INFO">${country} = ATG</msg>
<status status="PASS" starttime="20231031 20:23:08.634" endtime="20231031 20:23:08.658"/>
</kw>
<kw name="Evaluate" library="BuiltIn">
<var>${valid}</var>
<arg>len("${country}") == 3</arg>
<doc>Evaluates the given expression in Python and returns the result.</doc>
<msg timestamp="20231031 20:23:08.658" level="INFO">${valid} = True</msg>
<status status="PASS" starttime="20231031 20:23:08.658" endtime="20231031 20:23:08.659"/>
</kw>
<return>
<value>${valid}</value>
<status status="PASS" starttime="20231031 20:23:08.659" endtime="20231031 20:23:08.659"/>
</return>
<msg timestamp="20231031 20:23:08.659" level="INFO">${valid} = True</msg>
<status status="PASS" starttime="20231031 20:23:08.633" endtime="20231031 20:23:08.659"/>
</kw>
<if>
<branch type="IF" condition="${valid}">
<kw name="Post traffic data to sales system">
<arg>${traffic_data}</arg>
<kw name="Execute Traffic Data Post">
<var>${status}</var>
<var>${return}</var>
<arg>${traffic_data}</arg>
<kw name="Run Keyword And Ignore Error" library="BuiltIn">
<var>${status}</var>
<var>${return}</var>
<arg>POST</arg>
<arg>https://robocorp.com/inhuman-insurance-inc/sales-system-api</arg>
<arg>json=${traffic_data}</arg>
<doc>Runs the given keyword with the given arguments and ignores possible error.</doc>
<kw name="POST" library="RPA.HTTP">
<arg>https://robocorp.com/inhuman-insurance-inc/sales-system-api</arg>
<arg>json=${traffic_data}</arg>
<doc>Sends a POST request.</doc>
<msg timestamp="20231031 20:23:08.883" level="FAIL">HTTPError: 500 Server Error: Internal Server Error for url: https://robocorp.com/inhuman-insurance-inc/sales-system-api</msg>
<status status="FAIL" starttime="20231031 20:23:08.661" endtime="20231031 20:23:08.884"/>
</kw>
<msg timestamp="20231031 20:23:08.885" level="INFO">${status} = FAIL</msg>
<msg timestamp="20231031 20:23:08.885" level="INFO">${return} = HTTPError: 500 Server Error: Internal Server Error for url: https://robocorp.com/inhuman-insurance-inc/sales-system-api</msg>
<status status="PASS" starttime="20231031 20:23:08.660" endtime="20231031 20:23:08.885"/>
</kw>
<return>
<value>${status}</value>
<value>${return}</value>
<status status="PASS" starttime="20231031 20:23:08.885" endtime="20231031 20:23:08.886"/>
</return>
<msg timestamp="20231031 20:23:08.886" level="INFO">${status} = FAIL</msg>
<msg timestamp="20231031 20:23:08.887" level="INFO">${return} = HTTPError: 500 Server Error: Internal Server Error for url: https://robocorp.com/inhuman-insurance-inc/sales-system-api</msg>
<status status="PASS" starttime="20231031 20:23:08.660" endtime="20231031 20:23:08.887"/>
</kw>
<kw name="Handle traffic API response">
<arg>${status}</arg>
<arg>${return}</arg>
<arg>${traffic_data}</arg>
<if>
<branch type="IF" condition="&quot;${status}&quot; == &quot;PASS&quot;">
<kw name="Handle traffic API OK response">
<status status="NOT RUN" starttime="20231031 20:23:08.889" endtime="20231031 20:23:08.889"/>
</kw>
<status status="NOT RUN" starttime="20231031 20:23:08.888" endtime="20231031 20:23:08.890"/>
</branch>
<branch type="ELSE">
<kw name="Handle traffic API error response">
<arg>${return}</arg>
<arg>${traffic_data}</arg>
<kw name="Retry On Application Error">
<var>${status}</var>
<var>${return}</var>
<arg>${traffic_data}</arg>
<kw name="Set Variable" library="BuiltIn">
<var>${retry_count}</var>
<arg>7</arg>
<doc>Returns the given values which can then be assigned to a variables.</doc>
<msg timestamp="20231031 20:23:08.893" level="INFO">${retry_count} = 7</msg>
<status status="PASS" starttime="20231031 20:23:08.892" endtime="20231031 20:23:08.893"/>
</kw>
<for flavor="IN RANGE">
<var>${i}</var>
<value>${retry_count}</value>
<iter>
<var name="${i}">0</var>
<kw name="Execute Traffic Data Post">
<var>${status}</var>
<var>${return}</var>
<arg>${traffic_data}</arg>
<kw name="Run Keyword And Ignore Error" library="BuiltIn">
<var>${status}</var>
<var>${return}</var>
<arg>POST</arg>
<arg>https://robocorp.com/inhuman-insurance-inc/sales-system-api</arg>
<arg>json=${traffic_data}</arg>
<doc>Runs the given keyword with the given arguments and ignores possible error.</doc>
<kw name="POST" library="RPA.HTTP">
<arg>https://robocorp.com/inhuman-insurance-inc/sales-system-api</arg>
<arg>json=${traffic_data}</arg>
<doc>Sends a POST request.</doc>
<msg timestamp="20231031 20:23:09.126" level="FAIL">HTTPError: 500 Server Error: Internal Server Error for url: https://robocorp.com/inhuman-insurance-inc/sales-system-api</msg>
<status status="FAIL" starttime="20231031 20:23:08.898" endtime="20231031 20:23:09.127"/>
</kw>
<msg timestamp="20231031 20:23:09.127" level="INFO">${status} = FAIL</msg>
<msg timestamp="20231031 20:23:09.128" level="INFO">${return} = HTTPError: 500 Server Error: Internal Server Error for url: https://robocorp.com/inhuman-insurance-inc/sales-system-api</msg>
<status status="PASS" starttime="20231031 20:23:08.896" endtime="20231031 20:23:09.128"/>
</kw>
<return>
<value>${status}</value>
<value>${return}</value>
<status status="PASS" starttime="20231031 20:23:09.128" endtime="20231031 20:23:09.128"/>
</return>
<msg timestamp="20231031 20:23:09.130" level="INFO">${status} = FAIL</msg>
<msg timestamp="20231031 20:23:09.130" level="INFO">${return} = HTTPError: 500 Server Error: Internal Server Error for url: https://robocorp.com/inhuman-insurance-inc/sales-system-api</msg>
<status status="PASS" starttime="20231031 20:23:08.894" endtime="20231031 20:23:09.131"/>
</kw>
<if>
<branch type="IF" condition="'${status}' == 'PASS'">
<kw name="Log" library="BuiltIn">
<arg>Reprocessed successfully after ${i+1} attempts: ${traffic_data}</arg>
<doc>Logs the given message with the given level.</doc>
<status status="NOT RUN" starttime="20231031 20:23:09.132" endtime="20231031 20:23:09.132"/>
</kw>
<break>
<status status="NOT RUN" starttime="20231031 20:23:09.132" endtime="20231031 20:23:09.132"/>
</break>
<status status="NOT RUN" starttime="20231031 20:23:09.131" endtime="20231031 20:23:09.133"/>
</branch>
<status status="PASS" starttime="20231031 20:23:09.131" endtime="20231031 20:23:09.133"/>
</if>
<status status="PASS" starttime="20231031 20:23:08.894" endtime="20231031 20:23:09.133"/>
</iter>
<iter>
<var name="${i}">1</var>
<kw name="Execute Traffic Data Post">
<var>${status}</var>
<var>${return}</var>
<arg>${traffic_data}</arg>
<kw name="Run Keyword And Ignore Error" library="BuiltIn">
<var>${status}</var>
<var>${return}</var>
<arg>POST</arg>
<arg>https://robocorp.com/inhuman-insurance-inc/sales-system-api</arg>
<arg>json=${traffic_data}</arg>
<doc>Runs the given keyword with the given arguments and ignores possible error.</doc>
<kw name="POST" library="RPA.HTTP">
<arg>https://robocorp.com/inhuman-insurance-inc/sales-system-api</arg>
<arg>json=${traffic_data}</arg>
<doc>Sends a POST request.</doc>
<status status="PASS" starttime="20231031 20:23:09.136" endtime="20231031 20:23:09.453"/>
</kw>
<msg timestamp="20231031 20:23:09.454" level="INFO">${status} = PASS</msg>
<msg timestamp="20231031 20:23:09.454" level="INFO">${return} = &lt;Response [200]&gt;</msg>
<status status="PASS" starttime="20231031 20:23:09.135" endtime="20231031 20:23:09.454"/>
</kw>
<return>
<value>${status}</value>
<value>${return}</value>
<status status="PASS" starttime="20231031 20:23:09.454" endtime="20231031 20:23:09.455"/>
</return>
<msg timestamp="20231031 20:23:09.455" level="INFO">${status} = PASS</msg>
<msg timestamp="20231031 20:23:09.456" level="INFO">${return} = &lt;Response [200]&gt;</msg>
<status status="PASS" starttime="20231031 20:23:09.134" endtime="20231031 20:23:09.456"/>
</kw>
<if>
<branch type="IF" condition="'${status}' == 'PASS'">
<kw name="Log" library="BuiltIn">
<arg>Reprocessed successfully after ${i+1} attempts: ${traffic_data}</arg>
<doc>Logs the given message with the given level.</doc>
<msg timestamp="20231031 20:23:09.458" level="INFO">Reprocessed successfully after 2 attempts: {'country': 'ATG', 'year': 2019, 'rate': 0.0}</msg>
<status status="PASS" starttime="20231031 20:23:09.457" endtime="20231031 20:23:09.459"/>
</kw>
<break>
<status status="PASS" starttime="20231031 20:23:09.459" endtime="20231031 20:23:09.459"/>
</break>
<status status="PASS" starttime="20231031 20:23:09.456" endtime="20231031 20:23:09.460"/>
</branch>
<status status="PASS" starttime="20231031 20:23:09.456" endtime="20231031 20:23:09.460"/>
</if>
<status status="PASS" starttime="20231031 20:23:09.134" endtime="20231031 20:23:09.460"/>
</iter>
<status status="PASS" starttime="20231031 20:23:08.894" endtime="20231031 20:23:09.460"/>
</for>
<return>
<value>${status}</value>
<value>${return}</value>
<status status="PASS" starttime="20231031 20:23:09.461" endtime="20231031 20:23:09.461"/>
</return>
<msg timestamp="20231031 20:23:09.462" level="INFO">${status} = PASS</msg>
<msg timestamp="20231031 20:23:09.462" level="INFO">${return} = &lt;Response [200]&gt;</msg>
<status status="PASS" starttime="20231031 20:23:08.891" endtime="20231031 20:23:09.462"/>
</kw>
<if>
<branch type="IF" condition="'${status}' == 'FAIL'">
<kw name="Log" library="BuiltIn">
<arg>Traffic data posting failed: ${traffic_data} ${return}</arg>
<arg>ERROR</arg>
<doc>Logs the given message with the given level.</doc>
<status status="NOT RUN" starttime="20231031 20:23:09.463" endtime="20231031 20:23:09.463"/>
</kw>
<kw name="Release Input Work Item" library="RPA.Robocorp.WorkItems">
<arg>state=FAILED</arg>
<arg>exception_type=APPLICATION</arg>
<arg>code=TRAFFIC_DATA_POST_FAILED</arg>
<arg>message=${return}</arg>
<doc>Release the lastly retrieved input work item and set its state.</doc>
<status status="NOT RUN" starttime="20231031 20:23:09.464" endtime="20231031 20:23:09.464"/>
</kw>
<status status="NOT RUN" starttime="20231031 20:23:09.463" endtime="20231031 20:23:09.465"/>
</branch>
<status status="PASS" starttime="20231031 20:23:09.463" endtime="20231031 20:23:09.465"/>
</if>
<status status="PASS" starttime="20231031 20:23:08.890" endtime="20231031 20:23:09.465"/>
</kw>
<status status="PASS" starttime="20231031 20:23:08.890" endtime="20231031 20:23:09.465"/>
</branch>
<status status="PASS" starttime="20231031 20:23:08.888" endtime="20231031 20:23:09.466"/>
</if>
<status status="PASS" starttime="20231031 20:23:08.887" endtime="20231031 20:23:09.466"/>
</kw>
<status status="PASS" starttime="20231031 20:23:08.660" endtime="20231031 20:23:09.466"/>
</kw>
<status status="PASS" starttime="20231031 20:23:08.659" endtime="20231031 20:23:09.466"/>
</branch>
<branch type="ELSE">
<kw name="Handle invalid traffic data">
<arg>${traffic_data}</arg>
<status status="NOT RUN" starttime="20231031 20:23:09.467" endtime="20231031 20:23:09.467"/>
</kw>
<status status="NOT RUN" starttime="20231031 20:23:09.467" endtime="20231031 20:23:09.467"/>
</branch>
<status status="PASS" starttime="20231031 20:23:08.659" endtime="20231031 20:23:09.468"/>
</if>
<status status="PASS" starttime="20231031 20:23:08.629" endtime="20231031 20:23:09.468"/>
</kw>
<msg timestamp="20231031 20:23:09.468" level="INFO">Releasing item '29' with COMPLETED state and exception: None</msg>
<status status="PASS" starttime="20231031 20:22:51.761" endtime="20231031 20:23:09.468"/>
</kw>
<status status="PASS" starttime="20231031 20:22:51.760" endtime="20231031 20:23:09.470"/>
</test>
<doc>Inhuman Insurance, Inc. Artificial Intelligence System robot.
Consumes traffic data work items.</doc>
<status status="PASS" starttime="20231031 20:22:50.944" endtime="20231031 20:23:09.472"/>
</suite>
<statistics>
<total>
<stat pass="1" fail="0" skip="0">All Tasks</stat>
</total>
<tag>
</tag>
<suite>
<stat pass="1" fail="0" skip="0" id="s1" name="Consumer">Consumer</stat>
</suite>
</statistics>
<errors>
<msg timestamp="20231031 20:22:52.665" level="WARN">Invalid country detected: SWError. Correcting to BRA.</msg>
</errors>
</robot>
